#
# There is insufficient memory for the Java Runtime Environment to continue.
# Native memory allocation (mmap) failed to map 134217728 bytes for G1 virtual space
# Possible reasons:
#   The system is out of physical RAM or swap space
#   The process is running with CompressedOops enabled, and the Java Heap may be blocking the growth of the native heap
# Possible solutions:
#   Reduce memory load on the system
#   Increase physical memory or swap space
#   Check if swap backing store is full
#   Decrease Java heap size (-Xmx/-Xms)
#   Decrease number of Java threads
#   Decrease Java thread stack sizes (-Xss)
#   Set larger code cache with -XX:ReservedCodeCacheSize=
#   JVM is running with Unscaled Compressed Oops mode in which the Java heap is
#     placed in the first 4GB address space. The Java Heap base address is the
#     maximum limit for the native heap growth. Please use -XX:HeapBaseMinAddress
#     to set the Java Heap base and to place the Java Heap above 4GB virtual address.
# This output file may be truncated or incomplete.
#
#  Out of Memory Error (os_windows.cpp:3617), pid=7876, tid=17820
#
# JRE version:  (17.0.8.1+1) (build )
# Java VM: OpenJDK 64-Bit Server VM (17.0.8.1+1, mixed mode, sharing, tiered, compressed oops, compressed class ptrs, g1 gc, windows-amd64)
# No core dump will be written. Minidumps are not enabled by default on client versions of Windows
#

---------------  S U M M A R Y ------------

Command Line: -Dfile.encoding=UTF-8 -Dstdout.encoding=UTF-8 -Dstderr.encoding=UTF-8 -XX:+ShowCodeDetailsInExceptionMessages Select_class.class_001

Host: Intel(R) Core(TM) i5-6300U CPU @ 2.40GHz, 4 cores, 7G,  Windows 10 , 64 bit Build 19041 (10.0.19041.3636)
Time: Mon Jun  3 23:14:20 2024 India Standard Time elapsed time: 0.030708 seconds (0d 0h 0m 0s)

---------------  T H R E A D  ---------------

Current thread (0x00000179b5668ce0):  JavaThread "Unknown thread" [_thread_in_vm, id=17820, stack(0x0000003c4af00000,0x0000003c4b000000)]

Stack: [0x0000003c4af00000,0x0000003c4b000000]
Native frames: (J=compiled Java code, j=interpreted, Vv=VM code, C=native code)
V  [jvm.dll+0x678b0a]
V  [jvm.dll+0x835e84]
V  [jvm.dll+0x83762e]
V  [jvm.dll+0x837c93]
V  [jvm.dll+0x24746f]
V  [jvm.dll+0x675859]
V  [jvm.dll+0x66a0ea]
V  [jvm.dll+0x306c7b]
V  [jvm.dll+0x30e166]
V  [jvm.dll+0x35dd3e]
V  [jvm.dll+0x35df6f]
V  [jvm.dll+0x2ddb48]
V  [jvm.dll+0x2deab4]
V  [jvm.dll+0x807f31]
V  [jvm.dll+0x36bb21]
V  [jvm.dll+0x7e733c]
V  [jvm.dll+0x3ee4af]
V  [jvm.dll+0x3f00c1]
C  [jli.dll+0x528b]
C  [ucrtbase.dll+0x21bb2]
C  [KERNEL32.DLL+0x17344]
C  [ntdll.dll+0x526b1]


---------------  P R O C E S S  ---------------

Threads class SMR info:
_java_thread_list=0x00007ffb1989a018, length=0, elements={
}

Java Threads: ( => current thread )

Other Threads:
  0x00000179b56c2920 GCTaskThread "GC Thread#0" [stack: 0x0000003c4b000000,0x0000003c4b100000] [id=20192]
  0x00000179b56d4410 ConcurrentGCThread "G1 Main Marker" [stack: 0x0000003c4b100000,0x0000003c4b200000] [id=12040]
  0x00000179b56d5610 ConcurrentGCThread "G1 Conc#0" [stack: 0x0000003c4b200000,0x0000003c4b300000] [id=43856]

[error occurred during error reporting (printing all threads), id 0xc0000005, EXCEPTION_ACCESS_VIOLATION (0xc0000005) at pc=0x00007ffb1906e587]

VM state: not at safepoint (not fully initialized)

VM Mutex/Monitor currently owned by a thread:  ([mutex/lock_event])
[0x00000179b35aa030] Heap_lock - owner thread: 0x00000179b5668ce0

Heap address: 0x0000000081c00000, size: 2020 MB, Compressed Oops mode: 32-bit

CDS archive(s) mapped at: [0x0000000000000000-0x0000000000000000-0x0000000000000000), size 0, SharedBaseAddress: 0x0000000800000000, ArchiveRelocationMode: 1.
Narrow klass base: 0x0000000000000000, Narrow klass shift: 0, Narrow klass range: 0x0

GC Precious Log:
<Empty>

Heap:
 garbage-first heap   total 0K, used 0K [0x0000000081c00000, 0x0000000100000000)
  region size 1024K, 0 young (0K), 0 survivors (0K)

[error occurred during error reporting (printing heap information), id 0xc0000005, EXCEPTION_ACCESS_VIOLATION (0xc0000005) at pc=0x00007ffb19452699]

GC Heap History (0 events):
No events

Dll operation events (1 events):
Event: 0.020 Loaded shared library C:\Users\ADMIN\Downloads\eclipse-dsl-2023-09-R-win32-x86_64\eclipse\plugins\org.eclipse.justj.openjdk.hotspot.jre.full.win32.x86_64_17.0.8.v20230831-1047\jre\bin\java.dll

Deoptimization events (0 events):
No events

Classes unloaded (0 events):
No events

Classes redefined (0 events):
No events

Internal exceptions (0 events):
No events

VM Operations (0 events):
No events

Events (0 events):
No events


Dynamic libraries:
0x00007ff6736a0000 - 0x00007ff6736ae000 	C:\Users\ADMIN\Downloads\eclipse-dsl-2023-09-R-win32-x86_64\eclipse\plugins\org.eclipse.justj.openjdk.hotspot.jre.full.win32.x86_64_17.0.8.v20230831-1047\jre\bin\javaw.exe
0x00007ffb5c4b0000 - 0x00007ffb5c6a8000 	C:\Windows\SYSTEM32\ntdll.dll
0x00007ffb5a500000 - 0x00007ffb5a5bd000 	C:\Windows\System32\KERNEL32.DLL
0x00007ffb59cc0000 - 0x00007ffb59fb6000 	C:\Windows\System32\KERNELBASE.dll
0x00007ffb5a3e0000 - 0x00007ffb5a4e0000 	C:\Windows\System32\ucrtbase.dll
0x00007ffb4e280000 - 0x00007ffb4e297000 	C:\Users\ADMIN\Downloads\eclipse-dsl-2023-09-R-win32-x86_64\eclipse\plugins\org.eclipse.justj.openjdk.hotspot.jre.full.win32.x86_64_17.0.8.v20230831-1047\jre\bin\jli.dll
0x00007ffb5a5c0000 - 0x00007ffb5a75f000 	C:\Windows\System32\USER32.dll
0x00007ffb5a3b0000 - 0x00007ffb5a3d2000 	C:\Windows\System32\win32u.dll
0x00007ffb5c080000 - 0x00007ffb5c0ab000 	C:\Windows\System32\GDI32.dll
0x00007ffb5a030000 - 0x00007ffb5a147000 	C:\Windows\System32\gdi32full.dll
0x00007ffb59b90000 - 0x00007ffb59c2d000 	C:\Windows\System32\msvcp_win.dll
0x00007ffb4e2a0000 - 0x00007ffb4e2b9000 	C:\Users\ADMIN\Downloads\eclipse-dsl-2023-09-R-win32-x86_64\eclipse\plugins\org.eclipse.justj.openjdk.hotspot.jre.full.win32.x86_64_17.0.8.v20230831-1047\jre\bin\VCRUNTIME140.dll
0x00007ffb3d730000 - 0x00007ffb3d9ca000 	C:\Windows\WinSxS\amd64_microsoft.windows.common-controls_6595b64144ccf1df_6.0.19041.4355_none_60b8b9eb71f62e16\COMCTL32.dll
0x00007ffb5bdf0000 - 0x00007ffb5be8e000 	C:\Windows\System32\msvcrt.dll
0x00007ffb5bb10000 - 0x00007ffb5bb42000 	C:\Windows\System32\IMM32.DLL
0x00007ffb505a0000 - 0x00007ffb505ac000 	C:\Users\ADMIN\Downloads\eclipse-dsl-2023-09-R-win32-x86_64\eclipse\plugins\org.eclipse.justj.openjdk.hotspot.jre.full.win32.x86_64_17.0.8.v20230831-1047\jre\bin\vcruntime140_1.dll
0x00007ffb4bec0000 - 0x00007ffb4bf51000 	C:\Users\ADMIN\Downloads\eclipse-dsl-2023-09-R-win32-x86_64\eclipse\plugins\org.eclipse.justj.openjdk.hotspot.jre.full.win32.x86_64_17.0.8.v20230831-1047\jre\bin\msvcp140.dll
0x00007ffb18d80000 - 0x00007ffb199cc000 	C:\Users\ADMIN\Downloads\eclipse-dsl-2023-09-R-win32-x86_64\eclipse\plugins\org.eclipse.justj.openjdk.hotspot.jre.full.win32.x86_64_17.0.8.v20230831-1047\jre\bin\server\jvm.dll
0x00007ffb5bea0000 - 0x00007ffb5bf50000 	C:\Windows\System32\ADVAPI32.dll
0x00007ffb5bfe0000 - 0x00007ffb5c080000 	C:\Windows\System32\sechost.dll
0x00007ffb5a760000 - 0x00007ffb5a883000 	C:\Windows\System32\RPCRT4.dll
0x00007ffb59b60000 - 0x00007ffb59b87000 	C:\Windows\System32\bcrypt.dll
0x00007ffb599b0000 - 0x00007ffb599fb000 	C:\Windows\SYSTEM32\POWRPROF.dll
0x00007ffb40630000 - 0x00007ffb40639000 	C:\Windows\SYSTEM32\WSOCK32.dll
0x00007ffb5a980000 - 0x00007ffb5a9eb000 	C:\Windows\System32\WS2_32.dll
0x00007ffb51b30000 - 0x00007ffb51b57000 	C:\Windows\SYSTEM32\WINMM.dll
0x00007ffb4ef50000 - 0x00007ffb4ef5a000 	C:\Windows\SYSTEM32\VERSION.dll
0x00007ffb59990000 - 0x00007ffb599a2000 	C:\Windows\SYSTEM32\UMPDC.dll
0x00007ffb58370000 - 0x00007ffb58382000 	C:\Windows\SYSTEM32\kernel.appcore.dll
0x00007ffb512e0000 - 0x00007ffb512ea000 	C:\Users\ADMIN\Downloads\eclipse-dsl-2023-09-R-win32-x86_64\eclipse\plugins\org.eclipse.justj.openjdk.hotspot.jre.full.win32.x86_64_17.0.8.v20230831-1047\jre\bin\jimage.dll
0x00007ffb54700000 - 0x00007ffb548e4000 	C:\Windows\SYSTEM32\DBGHELP.DLL
0x00007ffb387b0000 - 0x00007ffb387e4000 	C:\Windows\SYSTEM32\dbgcore.DLL
0x00007ffb59c30000 - 0x00007ffb59cb2000 	C:\Windows\System32\bcryptPrimitives.dll
0x00007ffb50340000 - 0x00007ffb50365000 	C:\Users\ADMIN\Downloads\eclipse-dsl-2023-09-R-win32-x86_64\eclipse\plugins\org.eclipse.justj.openjdk.hotspot.jre.full.win32.x86_64_17.0.8.v20230831-1047\jre\bin\java.dll

dbghelp: loaded successfully - version: 4.0.5 - missing functions: none
symbol engine: initialized successfully - sym options: 0x614 - pdb path: .;C:\Users\ADMIN\Downloads\eclipse-dsl-2023-09-R-win32-x86_64\eclipse\plugins\org.eclipse.justj.openjdk.hotspot.jre.full.win32.x86_64_17.0.8.v20230831-1047\jre\bin;C:\Windows\SYSTEM32;C:\Windows\WinSxS\amd64_microsoft.windows.common-controls_6595b64144ccf1df_6.0.19041.4355_none_60b8b9eb71f62e16;C:\Users\ADMIN\Downloads\eclipse-dsl-2023-09-R-win32-x86_64\eclipse\plugins\org.eclipse.justj.openjdk.hotspot.jre.full.win32.x86_64_17.0.8.v20230831-1047\jre\bin\server

VM Arguments:
jvm_args: -Dfile.encoding=UTF-8 -Dstdout.encoding=UTF-8 -Dstderr.encoding=UTF-8 -XX:+ShowCodeDetailsInExceptionMessages 
java_command: Select_class.class_001
java_class_path (initial): C:\Users\ADMIN\eclipse-workspace\Selenium-maven\target\test-classes;C:\Users\ADMIN\eclipse-workspace\Selenium-maven\target\classes;C:\Users\ADMIN\Downloads\selenium-java-4.20.0\auto-service-annotations-1.1.1.jar;C:\Users\ADMIN\Downloads\selenium-java-4.20.0\auto-service-annotations-1.1.1-sources.jar;C:\Users\ADMIN\Downloads\selenium-java-4.20.0\byte-buddy-1.14.14.jar;C:\Users\ADMIN\Downloads\selenium-java-4.20.0\byte-buddy-1.14.14-sources.jar;C:\Users\ADMIN\Downloads\selenium-java-4.20.0\checker-qual-3.42.0.jar;C:\Users\ADMIN\Downloads\selenium-java-4.20.0\checker-qual-3.42.0-sources.jar;C:\Users\ADMIN\Downloads\selenium-java-4.20.0\commons-exec-1.4.0.jar;C:\Users\ADMIN\Downloads\selenium-java-4.20.0\commons-exec-1.4.0-sources.jar;C:\Users\ADMIN\Downloads\selenium-java-4.20.0\error_prone_annotations-2.26.1.jar;C:\Users\ADMIN\Downloads\selenium-java-4.20.0\error_prone_annotations-2.26.1-sources.jar;C:\Users\ADMIN\Downloads\selenium-java-4.20.0\failsafe-3.3.2.jar;C:\Users\ADMIN\Downloads\selenium-java-4.20.0\failsafe-3.3.2-sources.jar;C:\Users\ADMIN\Downloads\selenium-java-4.20.0\failureaccess-1.0.2.jar;C:\Users\ADMIN\Downloads\selenium-java-4.20.0\failureaccess-1.0.2-sources.jar;C:\Users\ADMIN\Downloads\selenium-java-4.20.0\guava-33.1.0-jre.jar;C:\Users\ADMIN\Downloads\selenium-java-4.20.0\guava-33.1.0-jre-sources.jar;C:\Users\ADMIN\Downloads\selenium-java-4.20.0\j2objc-annotations-3.0.0.jar;C:\Users\ADMIN\Downloads\selenium-java-4.20.0\j2objc-annotations-3.0.0-sources.jar;C:\Users\ADMIN\Downloads\selenium-java-4.20.0\jsr305-3.0.2.jar;C:\Users\ADMIN\Downloads\selenium-java-4.20.0\jsr305-3.0.2-sources.jar;C:\Users\ADMIN\Downloads\selenium-java-4.20.0\listenablefuture-9999.0-empty-to-avoid-conflict-with-guava.jar;C:\Users\ADMIN\Downloads\selenium-java-4.20.0\opentelemetry-api-1.37.0.jar;C:\Users\ADMIN\Downloads\selenium-java-4.20.0\opentelemetry-api-1.37.0-sources.jar;C:\Users\ADMIN\Downloads\selenium-java-4.20.0\opentelemetry-api-incubator
Launcher Type: SUN_STANDARD

[Global flags]
     intx CICompilerCount                          = 3                                         {product} {ergonomic}
     uint ConcGCThreads                            = 1                                         {product} {ergonomic}
     uint G1ConcRefinementThreads                  = 4                                         {product} {ergonomic}
   size_t G1HeapRegionSize                         = 1048576                                   {product} {ergonomic}
    uintx GCDrainStackTargetSize                   = 64                                        {product} {ergonomic}
   size_t InitialHeapSize                          = 134217728                                 {product} {ergonomic}
   size_t MarkStackSize                            = 4194304                                   {product} {ergonomic}
   size_t MaxHeapSize                              = 2118123520                                {product} {ergonomic}
   size_t MinHeapDeltaBytes                        = 1048576                                   {product} {ergonomic}
   size_t MinHeapSize                              = 8388608                                   {product} {ergonomic}
    uintx NonNMethodCodeHeapSize                   = 5832780                                {pd product} {ergonomic}
    uintx NonProfiledCodeHeapSize                  = 122912730                              {pd product} {ergonomic}
    uintx ProfiledCodeHeapSize                     = 122912730                              {pd product} {ergonomic}
    uintx ReservedCodeCacheSize                    = 251658240                              {pd product} {ergonomic}
     bool SegmentedCodeCache                       = true                                      {product} {ergonomic}
     bool ShowCodeDetailsInExceptionMessages       = true                                   {manageable} {command line}
   size_t SoftMaxHeapSize                          = 2118123520                             {manageable} {ergonomic}
     bool UseCompressedClassPointers               = true                           {product lp64_product} {ergonomic}
     bool UseCompressedOops                        = true                           {product lp64_product} {ergonomic}
     bool UseG1GC                                  = true                                      {product} {ergonomic}
     bool UseLargePagesIndividualAllocation        = false                                  {pd product} {ergonomic}

Logging:
Log output configuration:
 #0: stdout all=warning uptime,level,tags
 #1: stderr all=off uptime,level,tags

Environment Variables:
PATH=C:/Users/ADMIN/Downloads/eclipse-dsl-2023-09-R-win32-x86_64/eclipse//plugins/org.eclipse.justj.openjdk.hotspot.jre.full.win32.x86_64_17.0.8.v20230831-1047/jre/bin/server;C:/Users/ADMIN/Downloads/eclipse-dsl-2023-09-R-win32-x86_64/eclipse//plugins/org.eclipse.justj.openjdk.hotspot.jre.full.win32.x86_64_17.0.8.v20230831-1047/jre/bin;C:\Windows\system32;C:\Windows;C:\Windows\System32\Wbem;C:\Windows\System32\WindowsPowerShell\v1.0\;C:\Windows\System32\OpenSSH\;C:\Users\ADMIN\AppData\Local\Microsoft\WindowsApps;;C:\Users\ADMIN\Downloads\eclipse-dsl-2023-09-R-win32-x86_64\eclipse;
USERNAME=ADMIN
OS=Windows_NT
PROCESSOR_IDENTIFIER=Intel64 Family 6 Model 78 Stepping 3, GenuineIntel
TMP=C:\Users\ADMIN\AppData\Local\Temp
TEMP=C:\Users\ADMIN\AppData\Local\Temp



---------------  S Y S T E M  ---------------

OS:
 Windows 10 , 64 bit Build 19041 (10.0.19041.3636)
OS uptime: 0 days 11:43 hours

CPU: total 4 (initial active 4) (2 cores per cpu, 2 threads per core) family 6 model 78 stepping 3 microcode 0xea, cx8, cmov, fxsr, ht, mmx, 3dnowpref, sse, sse2, sse3, ssse3, sse4.1, sse4.2, popcnt, lzcnt, tsc, tscinvbit, avx, avx2, aes, erms, clmul, bmi1, bmi2, rtm, adx, fma, vzeroupper, clflush, clflushopt
Processor Information for all 4 processors :
  Max Mhz: 2496, Current Mhz: 2396, Mhz Limit: 2396

Memory: 4k page, system-wide physical 8072M (877M free)
TotalPageFile size 20492M (AvailPageFile size 6M)
current process WorkingSet (physical memory assigned to process): 10M, peak: 10M
current process commit charge ("private bytes"): 51M, peak: 179M

vm_info: OpenJDK 64-Bit Server VM (17.0.8.1+1) for windows-amd64 JRE (17.0.8.1+1), built on Aug 23 2023 15:29:17 by "admin" with MS VC++ 16.7 (VS2019)

END.
