#
# There is insufficient memory for the Java Runtime Environment to continue.
# Native memory allocation (mmap) failed to map 65536 bytes for Failed to commit metaspace.
# Possible reasons:
#   The system is out of physical RAM or swap space
#   The process is running with CompressedOops enabled, and the Java Heap may be blocking the growth of the native heap
# Possible solutions:
#   Reduce memory load on the system
#   Increase physical memory or swap space
#   Check if swap backing store is full
#   Decrease Java heap size (-Xmx/-Xms)
#   Decrease number of Java threads
#   Decrease Java thread stack sizes (-Xss)
#   Set larger code cache with -XX:ReservedCodeCacheSize=
#   JVM is running with Unscaled Compressed Oops mode in which the Java heap is
#     placed in the first 4GB address space. The Java Heap base address is the
#     maximum limit for the native heap growth. Please use -XX:HeapBaseMinAddress
#     to set the Java Heap base and to place the Java Heap above 4GB virtual address.
# This output file may be truncated or incomplete.
#
#  Out of Memory Error (virtualSpaceNode.cpp:110), pid=46028, tid=45096
#
# JRE version: OpenJDK Runtime Environment Temurin-17.0.8.1+1 (17.0.8.1+1) (build 17.0.8.1+1)
# Java VM: OpenJDK 64-Bit Server VM Temurin-17.0.8.1+1 (17.0.8.1+1, mixed mode, tiered, compressed oops, compressed class ptrs, g1 gc, windows-amd64)
# No core dump will be written. Minidumps are not enabled by default on client versions of Windows
#

---------------  S U M M A R Y ------------

Command Line: -Dfile.encoding=UTF-8 -Dstdout.encoding=UTF-8 -Dstderr.encoding=UTF-8 -XX:+ShowCodeDetailsInExceptionMessages Select_class.class_001

Host: Intel(R) Core(TM) i5-6300U CPU @ 2.40GHz, 4 cores, 7G,  Windows 10 , 64 bit Build 19041 (10.0.19041.3636)
Time: Mon Jun  3 23:16:47 2024 India Standard Time elapsed time: 5.060254 seconds (0d 0h 0m 5s)

---------------  T H R E A D  ---------------

Current thread (0x000001fa9d488ce0):  JavaThread "Forwarding newSession on session null to remote" [_thread_in_vm, id=45096, stack(0x0000004b94f00000,0x0000004b95000000)]

Stack: [0x0000004b94f00000,0x0000004b95000000]
Native frames: (J=compiled Java code, j=interpreted, Vv=VM code, C=native code)
V  [jvm.dll+0x678b0a]
V  [jvm.dll+0x835e84]
V  [jvm.dll+0x83762e]
V  [jvm.dll+0x837c93]
V  [jvm.dll+0x24746f]
V  [jvm.dll+0x831f1b]
V  [jvm.dll+0x61d3c6]
V  [jvm.dll+0x1c1aae]
V  [jvm.dll+0x61fd21]
V  [jvm.dll+0x61dd66]
V  [jvm.dll+0x23ce06]
V  [jvm.dll+0x1ec2ed]
V  [jvm.dll+0x1e1d21]
V  [jvm.dll+0x53fba0]
V  [jvm.dll+0x7b13fd]
V  [jvm.dll+0x7b135a]
V  [jvm.dll+0x40f364]
V  [jvm.dll+0x422b3b]
C  [java.dll+0x1657]

Java frames: (J=compiled Java code, j=interpreted, Vv=VM code)
j  java.lang.ClassLoader.defineClass0(Ljava/lang/ClassLoader;Ljava/lang/Class;Ljava/lang/String;[BIILjava/security/ProtectionDomain;ZILjava/lang/Object;)Ljava/lang/Class;+0 java.base@17.0.8.1
j  java.lang.System$2.defineClass(Ljava/lang/ClassLoader;Ljava/lang/Class;Ljava/lang/String;[BLjava/security/ProtectionDomain;ZILjava/lang/Object;)Ljava/lang/Class;+17 java.base@17.0.8.1
j  java.lang.invoke.MethodHandles$Lookup$ClassDefiner.defineClass(ZLjava/lang/Object;)Ljava/lang/Class;+54 java.base@17.0.8.1
j  java.lang.invoke.InvokerBytecodeGenerator.loadMethod([B)Ljava/lang/invoke/MemberName;+16 java.base@17.0.8.1
j  java.lang.invoke.InvokerBytecodeGenerator.generateCustomizedCode(Ljava/lang/invoke/LambdaForm;Ljava/lang/invoke/MethodType;)Ljava/lang/invoke/MemberName;+30 java.base@17.0.8.1
j  java.lang.invoke.LambdaForm.compileToBytecode()V+69 java.base@17.0.8.1
J 582 c1 java.lang.invoke.LambdaForm.prepare()V java.base@17.0.8.1 (112 bytes) @ 0x000001faa23f66dc [0x000001faa23f6540+0x000000000000019c]
J 581 c1 java.lang.invoke.MethodHandle.<init>(Ljava/lang/invoke/MethodType;Ljava/lang/invoke/LambdaForm;)V java.base@17.0.8.1 (37 bytes) @ 0x000001faa23f535c [0x000001faa23f5120+0x000000000000023c]
J 936 c1 java.lang.invoke.BoundMethodHandle.<init>(Ljava/lang/invoke/MethodType;Ljava/lang/invoke/LambdaForm;)V java.base@17.0.8.1 (32 bytes) @ 0x000001faa2489944 [0x000001faa24898c0+0x0000000000000084]
j  java.lang.invoke.BoundMethodHandle$Species_LL.<init>(Ljava/lang/invoke/MethodType;Ljava/lang/invoke/LambdaForm;Ljava/lang/Object;Ljava/lang/Object;)V+3 java.base@17.0.8.1
j  java.lang.invoke.BoundMethodHandle$Species_LL.make(Ljava/lang/invoke/MethodType;Ljava/lang/invoke/LambdaForm;Ljava/lang/Object;Ljava/lang/Object;)Ljava/lang/invoke/BoundMethodHandle;+8 java.base@17.0.8.1
j  java.lang.invoke.DirectMethodHandle$Holder.invokeStatic(Ljava/lang/Object;Ljava/lang/Object;Ljava/lang/Object;Ljava/lang/Object;Ljava/lang/Object;)Ljava/lang/Object;+16 java.base@17.0.8.1
j  java.lang.invoke.BoundMethodHandle$Species_L.copyWithExtendL(Ljava/lang/invoke/MethodType;Ljava/lang/invoke/LambdaForm;Ljava/lang/Object;)Ljava/lang/invoke/BoundMethodHandle;+19 java.base@17.0.8.1
j  java.lang.invoke.MethodHandles.argumentsWithCombiner(ZLjava/lang/invoke/MethodHandle;ILjava/lang/invoke/MethodHandle;[I)Ljava/lang/invoke/MethodHandle;+122 java.base@17.0.8.1
j  java.lang.invoke.MethodHandles.filterArgumentsWithCombiner(Ljava/lang/invoke/MethodHandle;ILjava/lang/invoke/MethodHandle;[I)Ljava/lang/invoke/MethodHandle;+5 java.base@17.0.8.1
j  java.lang.invoke.StringConcatFactory.generateMHInlineCopy(Ljava/lang/invoke/MethodType;Ljava/util/List;)Ljava/lang/invoke/MethodHandle;+387 java.base@17.0.8.1
j  java.lang.invoke.StringConcatFactory.makeConcatWithConstants(Ljava/lang/invoke/MethodHandles$Lookup;Ljava/lang/String;Ljava/lang/invoke/MethodType;Ljava/lang/String;[Ljava/lang/Object;)Ljava/lang/invoke/CallSite;+220 java.base@17.0.8.1
j  java.lang.invoke.DirectMethodHandle$Holder.invokeStatic(Ljava/lang/Object;Ljava/lang/Object;Ljava/lang/Object;Ljava/lang/Object;Ljava/lang/Object;Ljava/lang/Object;)Ljava/lang/Object;+18 java.base@17.0.8.1
j  java.lang.invoke.DelegatingMethodHandle$Holder.delegate(Ljava/lang/Object;Ljava/lang/Object;Ljava/lang/Object;Ljava/lang/Object;Ljava/lang/Object;Ljava/lang/Object;)Ljava/lang/Object;+21 java.base@17.0.8.1
j  java.lang.invoke.Invokers$Holder.invokeExact_MT(Ljava/lang/Object;Ljava/lang/Object;Ljava/lang/Object;Ljava/lang/Object;Ljava/lang/Object;Ljava/lang/Object;Ljava/lang/Object;)Ljava/lang/Object;+26 java.base@17.0.8.1
j  java.lang.invoke.BootstrapMethodInvoker.invoke(Ljava/lang/Class;Ljava/lang/invoke/MethodHandle;Ljava/lang/String;Ljava/lang/Object;Ljava/lang/Object;Ljava/lang/Class;)Ljava/lang/Object;+157 java.base@17.0.8.1
J 1404 c1 java.lang.invoke.CallSite.makeSite(Ljava/lang/invoke/MethodHandle;Ljava/lang/String;Ljava/lang/invoke/MethodType;Ljava/lang/Object;Ljava/lang/Class;)Ljava/lang/invoke/CallSite; java.base@17.0.8.1 (91 bytes) @ 0x000001faa256a844 [0x000001faa256a7c0+0x0000000000000084]
J 1403 c1 java.lang.invoke.MethodHandleNatives.linkCallSiteImpl(Ljava/lang/Class;Ljava/lang/invoke/MethodHandle;Ljava/lang/String;Ljava/lang/invoke/MethodType;Ljava/lang/Object;[Ljava/lang/Object;)Ljava/lang/invoke/MemberName; java.base@17.0.8.1 (44 bytes) @ 0x000001faa25698ac [0x000001faa2569840+0x000000000000006c]
J 1402 c1 java.lang.invoke.MethodHandleNatives.linkCallSite(Ljava/lang/Object;ILjava/lang/Object;Ljava/lang/Object;Ljava/lang/Object;Ljava/lang/Object;[Ljava/lang/Object;)Ljava/lang/invoke/MemberName; java.base@17.0.8.1 (66 bytes) @ 0x000001faa2569364 [0x000001faa2568f60+0x0000000000000404]
v  ~StubRoutines::call_stub
j  org.openqa.selenium.json.JsonOutput.endObject()Lorg/openqa/selenium/json/JsonOutput;+107
j  org.openqa.selenium.json.JsonOutput.lambda$new$25(Ljava/lang/Object;II)V+42
j  org.openqa.selenium.json.JsonOutput$$Lambda$237+0x0000000100193aa0.consume(Ljava/lang/Object;II)V+7
j  org.openqa.selenium.json.JsonOutput.write0(Ljava/lang/Object;II)Lorg/openqa/selenium/json/JsonOutput;+53
j  org.openqa.selenium.json.JsonOutput.lambda$new$24(IILjava/lang/Object;Ljava/lang/Object;)V+34
j  org.openqa.selenium.json.JsonOutput$$Lambda$248+0x0000000100198438.accept(Ljava/lang/Object;Ljava/lang/Object;)V+14
j  java.util.TreeMap.forEach(Ljava/util/function/BiConsumer;)V+28 java.base@17.0.8.1
j  java.util.Collections$UnmodifiableMap.forEach(Ljava/util/function/BiConsumer;)V+5 java.base@17.0.8.1
j  org.openqa.selenium.json.JsonOutput.lambda$new$25(Ljava/lang/Object;II)V+36
j  org.openqa.selenium.json.JsonOutput$$Lambda$237+0x0000000100193aa0.consume(Ljava/lang/Object;II)V+7
j  org.openqa.selenium.json.JsonOutput.write0(Ljava/lang/Object;II)Lorg/openqa/selenium/json/JsonOutput;+53
j  org.openqa.selenium.json.JsonOutput.lambda$new$22(IILjava/lang/Object;)V+6
j  org.openqa.selenium.json.JsonOutput$$Lambda$251+0x0000000100198cf0.accept(Ljava/lang/Object;)V+13
J 954 c1 java.util.stream.ForEachOps$ForEachOp$OfRef.accept(Ljava/lang/Object;)V java.base@17.0.8.1 (11 bytes) @ 0x000001faa248d9bc [0x000001faa248d8c0+0x00000000000000fc]
J 951 c1 java.util.stream.ReferencePipeline$2$1.accept(Ljava/lang/Object;)V java.base@17.0.8.1 (27 bytes) @ 0x000001faa248d1bc [0x000001faa248cfc0+0x00000000000001fc]
j  java.util.ArrayList$ArrayListSpliterator.forEachRemaining(Ljava/util/function/Consumer;)V+95 java.base@17.0.8.1
j  java.util.stream.AbstractPipeline.copyInto(Ljava/util/stream/Sink;Ljava/util/Spliterator;)V+32 java.base@17.0.8.1
j  java.util.stream.AbstractPipeline.wrapAndCopyInto(Ljava/util/stream/Sink;Ljava/util/Spliterator;)Ljava/util/stream/Sink;+13 java.base@17.0.8.1
j  java.util.stream.ForEachOps$ForEachOp.evaluateSequential(Ljava/util/stream/PipelineHelper;Ljava/util/Spliterator;)Ljava/lang/Void;+3 java.base@17.0.8.1
j  java.util.stream.ForEachOps$ForEachOp$OfRef.evaluateSequential(Ljava/util/stream/PipelineHelper;Ljava/util/Spliterator;)Ljava/lang/Object;+3 java.base@17.0.8.1
j  java.util.stream.AbstractPipeline.evaluate(Ljava/util/stream/TerminalOp;)Ljava/lang/Object;+88 java.base@17.0.8.1
j  java.util.stream.ReferencePipeline.forEach(Ljava/util/function/Consumer;)V+6 java.base@17.0.8.1
j  org.openqa.selenium.json.JsonOutput.lambda$new$23(Ljava/lang/Object;II)V+51
j  org.openqa.selenium.json.JsonOutput$$Lambda$235+0x0000000100193630.consume(Ljava/lang/Object;II)V+7
j  org.openqa.selenium.json.JsonOutput.write0(Ljava/lang/Object;II)Lorg/openqa/selenium/json/JsonOutput;+53
j  org.openqa.selenium.json.JsonOutput.lambda$new$24(IILjava/lang/Object;Ljava/lang/Object;)V+34
j  org.openqa.selenium.json.JsonOutput$$Lambda$248+0x0000000100198438.accept(Ljava/lang/Object;Ljava/lang/Object;)V+14
j  java.util.Map.forEach(Ljava/util/function/BiConsumer;)V+72 java.base@17.0.8.1
j  org.openqa.selenium.json.JsonOutput.lambda$new$25(Ljava/lang/Object;II)V+36
j  org.openqa.selenium.json.JsonOutput$$Lambda$237+0x0000000100193aa0.consume(Ljava/lang/Object;II)V+7
j  org.openqa.selenium.json.JsonOutput.write0(Ljava/lang/Object;II)Lorg/openqa/selenium/json/JsonOutput;+53
j  org.openqa.selenium.json.JsonOutput.lambda$new$24(IILjava/lang/Object;Ljava/lang/Object;)V+34
j  org.openqa.selenium.json.JsonOutput$$Lambda$248+0x0000000100198438.accept(Ljava/lang/Object;Ljava/lang/Object;)V+14
j  java.util.Map.forEach(Ljava/util/function/BiConsumer;)V+72 java.base@17.0.8.1
j  org.openqa.selenium.json.JsonOutput.lambda$new$25(Ljava/lang/Object;II)V+36
j  org.openqa.selenium.json.JsonOutput$$Lambda$237+0x0000000100193aa0.consume(Ljava/lang/Object;II)V+7
j  org.openqa.selenium.json.JsonOutput.write0(Ljava/lang/Object;II)Lorg/openqa/selenium/json/JsonOutput;+53
j  org.openqa.selenium.json.JsonOutput.write(Ljava/lang/Object;I)Lorg/openqa/selenium/json/JsonOutput;+4
j  org.openqa.selenium.json.JsonOutput.write(Ljava/lang/Object;)Lorg/openqa/selenium/json/JsonOutput;+4
j  org.openqa.selenium.remote.http.Contents.asJson(Ljava/lang/Object;)Lorg/openqa/selenium/remote/http/Contents$Supplier;+34
j  org.openqa.selenium.remote.NewSessionPayload.create(Ljava/util/Map;)Lorg/openqa/selenium/remote/NewSessionPayload;+27
j  org.openqa.selenium.remote.NewSessionPayload.create(Ljava/util/Collection;)Lorg/openqa/selenium/remote/NewSessionPayload;+37
j  org.openqa.selenium.remote.ProtocolHandshake.createSession(Lorg/openqa/selenium/remote/http/HttpHandler;Lorg/openqa/selenium/remote/Command;)Lorg/openqa/selenium/remote/ProtocolHandshake$Result;+44
j  org.openqa.selenium.remote.HttpCommandExecutor.execute(Lorg/openqa/selenium/remote/Command;)Lorg/openqa/selenium/remote/Response;+110
j  org.openqa.selenium.remote.service.DriverCommandExecutor.invokeExecute(Lorg/openqa/selenium/remote/Command;)Lorg/openqa/selenium/remote/Response;+2
j  org.openqa.selenium.remote.service.DriverCommandExecutor.execute(Lorg/openqa/selenium/remote/Command;)Lorg/openqa/selenium/remote/Response;+195
j  org.openqa.selenium.remote.RemoteWebDriver.execute(Lorg/openqa/selenium/remote/CommandPayload;)Lorg/openqa/selenium/remote/Response;+77
j  org.openqa.selenium.remote.RemoteWebDriver.startSession(Lorg/openqa/selenium/Capabilities;)V+18
j  org.openqa.selenium.remote.RemoteWebDriver.<init>(Lorg/openqa/selenium/remote/CommandExecutor;Lorg/openqa/selenium/Capabilities;)V+88
j  org.openqa.selenium.chromium.ChromiumDriver.<init>(Lorg/openqa/selenium/remote/CommandExecutor;Lorg/openqa/selenium/Capabilities;Ljava/lang/String;)V+3
j  org.openqa.selenium.edge.EdgeDriver.<init>(Lorg/openqa/selenium/edge/EdgeDriverService;Lorg/openqa/selenium/edge/EdgeOptions;Lorg/openqa/selenium/remote/http/ClientConfig;)V+10
j  org.openqa.selenium.edge.EdgeDriver.<init>(Lorg/openqa/selenium/edge/EdgeDriverService;Lorg/openqa/selenium/edge/EdgeOptions;)V+6
j  org.openqa.selenium.edge.EdgeDriver.<init>(Lorg/openqa/selenium/edge/EdgeOptions;)V+15
j  org.openqa.selenium.edge.EdgeDriver.<init>()V+8
j  baseclass.Baseclass.launch_browser(Ljava/lang/String;)V+57
j  Select_class.class_001.main([Ljava/lang/String;)V+2
v  ~StubRoutines::call_stub

---------------  P R O C E S S  ---------------

Threads class SMR info:
_java_thread_list=0x000001fabdc62bb0, length=19, elements={
0x000001fa9d488ce0, 0x000001fab8a7d740, 0x000001fab8a3c6e0, 0x000001fab8a56f80,
0x000001fab8a8ffe0, 0x000001fab8a904c0, 0x000001fab8a90d90, 0x000001fab8a939a0,
0x000001fab8b11eb0, 0x000001fab8b14b80, 0x000001fab8c20790, 0x000001fab8c46140,
0x000001fabd472ff0, 0x000001fabdc8d870, 0x000001fabdcc9390, 0x000001fabdcc9870,
0x000001fabdd3f2a0, 0x000001fabdcb5ff0, 0x000001fabdcb6a10
}

Java Threads: ( => current thread )
=>0x000001fa9d488ce0 JavaThread "Forwarding newSession on session null to remote" [_thread_in_vm, id=45096, stack(0x0000004b94f00000,0x0000004b95000000)]
  0x000001fab8a7d740 JavaThread "Reference Handler" daemon [_thread_blocked, id=44072, stack(0x0000004b95600000,0x0000004b95700000)]
  0x000001fab8a3c6e0 JavaThread "Finalizer" daemon [_thread_blocked, id=26768, stack(0x0000004b95700000,0x0000004b95800000)]
  0x000001fab8a56f80 JavaThread "Signal Dispatcher" daemon [_thread_blocked, id=15592, stack(0x0000004b95800000,0x0000004b95900000)]
  0x000001fab8a8ffe0 JavaThread "Attach Listener" daemon [_thread_blocked, id=12336, stack(0x0000004b95900000,0x0000004b95a00000)]
  0x000001fab8a904c0 JavaThread "Service Thread" daemon [_thread_blocked, id=45300, stack(0x0000004b95a00000,0x0000004b95b00000)]
  0x000001fab8a90d90 JavaThread "Monitor Deflation Thread" daemon [_thread_blocked, id=39888, stack(0x0000004b95b00000,0x0000004b95c00000)]
  0x000001fab8a939a0 JavaThread "C2 CompilerThread0" daemon [_thread_blocked, id=45324, stack(0x0000004b95c00000,0x0000004b95d00000)]
  0x000001fab8b11eb0 JavaThread "C1 CompilerThread0" daemon [_thread_blocked, id=45328, stack(0x0000004b95d00000,0x0000004b95e00000)]
  0x000001fab8b14b80 JavaThread "Sweeper thread" daemon [_thread_blocked, id=45336, stack(0x0000004b95e00000,0x0000004b95f00000)]
  0x000001fab8c20790 JavaThread "Notification Thread" daemon [_thread_blocked, id=45332, stack(0x0000004b95f00000,0x0000004b96000000)]
  0x000001fab8c46140 JavaThread "Common-Cleaner" daemon [_thread_blocked, id=42216, stack(0x0000004b96100000,0x0000004b96200000)]
  0x000001fabd472ff0 JavaThread "ForkJoinPool.commonPool-worker-1" daemon [_thread_blocked, id=36260, stack(0x0000004b96200000,0x0000004b96300000)]
  0x000001fabdc8d870 JavaThread "HttpClient-1-SelectorManager" daemon [_thread_in_native, id=45600, stack(0x0000004b96800000,0x0000004b96900000)]
  0x000001fabdcc9390 JavaThread "External Process Output Forwarder - C:\Users\ADMIN\.cache\selenium\msedgedriver\win64\125.0.2535.79\msedgedriver.exe" daemon [_thread_in_native, id=45572, stack(0x0000004b96900000,0x0000004b96a00000)]
  0x000001fabdcc9870 JavaThread "Driver Service Executor" daemon [_thread_blocked, id=45504, stack(0x0000004b96a00000,0x0000004b96b00000)]
  0x000001fabdd3f2a0 JavaThread "Driver Service Executor" daemon [_thread_in_native, id=37104, stack(0x0000004b96b00000,0x0000004b96c00000)]
  0x000001fabdcb5ff0 JavaThread "UrlChecker-2" daemon [_thread_blocked, id=44696, stack(0x0000004b96c00000,0x0000004b96d00000)]
  0x000001fabdcb6a10 JavaThread "Keep-Alive-Timer" daemon [_thread_blocked, id=3760, stack(0x0000004b96300000,0x0000004b96400000)]

Other Threads:
  0x000001fab8a3a3e0 VMThread "VM Thread" [stack: 0x0000004b95500000,0x0000004b95600000] [id=45112]
  0x000001fab8c20c70 WatcherThread [stack: 0x0000004b96000000,0x0000004b96100000] [id=35512]
  0x000001fa9d4e2920 GCTaskThread "GC Thread#0" [stack: 0x0000004b95000000,0x0000004b95100000] [id=45076]
  0x000001fabd7c87a0 GCTaskThread "GC Thread#1" [stack: 0x0000004b96400000,0x0000004b96500000] [id=39212]
  0x000001fabd7c8a60 GCTaskThread "GC Thread#2" [stack: 0x0000004b96500000,0x0000004b96600000] [id=13488]
  0x000001fabdbc8ef0 GCTaskThread "GC Thread#3" [stack: 0x0000004b96600000,0x0000004b96700000] [id=41872]
  0x000001fa9d4f4410 ConcurrentGCThread "G1 Main Marker" [stack: 0x0000004b95100000,0x0000004b95200000] [id=39100]
  0x000001fa9d4f5610 ConcurrentGCThread "G1 Conc#0" [stack: 0x0000004b95200000,0x0000004b95300000] [id=16716]
  0x000001fa9d538910 ConcurrentGCThread "G1 Refine#0" [stack: 0x0000004b95300000,0x0000004b95400000] [id=45100]
  0x000001fabd7c8d20 ConcurrentGCThread "G1 Refine#1" [stack: 0x0000004b96700000,0x0000004b96800000] [id=35868]
  0x000001fa9d539250 ConcurrentGCThread "G1 Service" [stack: 0x0000004b95400000,0x0000004b95500000] [id=45108]

Threads with active compile tasks:

VM state: not at safepoint (normal execution)

VM Mutex/Monitor currently owned by a thread:  ([mutex/lock_event])
[0x000001fa9d487600] Metaspace_lock - owner thread: 0x000001fa9d488ce0

Heap address: 0x0000000081c00000, size: 2020 MB, Compressed Oops mode: 32-bit

CDS archive(s) not mapped
Compressed class space mapped at: 0x0000000100000000-0x0000000140000000, reserved size: 1073741824
Narrow klass base: 0x0000000000000000, Narrow klass shift: 3, Narrow klass range: 0x140000000

GC Precious Log:
 CPUs: 4 total, 4 available
 Memory: 8072M
 Large Page Support: Disabled
 NUMA Support: Disabled
 Compressed Oops: Enabled (32-bit)
 Heap Region Size: 1M
 Heap Min Capacity: 8M
 Heap Initial Capacity: 128M
 Heap Max Capacity: 2020M
 Pre-touch: Disabled
 Parallel Workers: 4
 Concurrent Workers: 1
 Concurrent Refinement Workers: 4
 Periodic GC: Disabled

Heap:
 garbage-first heap   total 131072K, used 6394K [0x0000000081c00000, 0x0000000100000000)
  region size 1024K, 3 young (3072K), 2 survivors (2048K)
 Metaspace       used 17434K, committed 17600K, reserved 1114112K
  class space    used 1794K, committed 1856K, reserved 1048576K

Heap Regions: E=young(eden), S=young(survivor), O=old, HS=humongous(starts), HC=humongous(continues), CS=collection set, F=free, OA=open archive, CA=closed archive, TAMS=top-at-mark-start (previous, next)
|   0|0x0000000081c00000, 0x0000000081d00000, 0x0000000081d00000|100%| O|  |TAMS 0x0000000081c00000, 0x0000000081c00000| Untracked 
|   1|0x0000000081d00000, 0x0000000081e00000, 0x0000000081e00000|100%| O|  |TAMS 0x0000000081d00000, 0x0000000081d00000| Untracked 
|   2|0x0000000081e00000, 0x0000000081f00000, 0x0000000081f00000|100%| O|  |TAMS 0x0000000081e00000, 0x0000000081e00000| Untracked 
|   3|0x0000000081f00000, 0x0000000082000000, 0x0000000082000000|100%| O|  |TAMS 0x0000000081f00000, 0x0000000081f00000| Untracked 
|   4|0x0000000082000000, 0x0000000082065c00, 0x0000000082100000| 39%| O|  |TAMS 0x0000000082000000, 0x0000000082000000| Untracked 
|   5|0x0000000082100000, 0x0000000082100000, 0x0000000082200000|  0%| F|  |TAMS 0x0000000082100000, 0x0000000082100000| Untracked 
|   6|0x0000000082200000, 0x0000000082200000, 0x0000000082300000|  0%| F|  |TAMS 0x0000000082200000, 0x0000000082200000| Untracked 
|   7|0x0000000082300000, 0x0000000082300000, 0x0000000082400000|  0%| F|  |TAMS 0x0000000082300000, 0x0000000082300000| Untracked 
|   8|0x0000000082400000, 0x0000000082400000, 0x0000000082500000|  0%| F|  |TAMS 0x0000000082400000, 0x0000000082400000| Untracked 
|   9|0x0000000082500000, 0x0000000082500000, 0x0000000082600000|  0%| F|  |TAMS 0x0000000082500000, 0x0000000082500000| Untracked 
|  10|0x0000000082600000, 0x0000000082600000, 0x0000000082700000|  0%| F|  |TAMS 0x0000000082600000, 0x0000000082600000| Untracked 
|  11|0x0000000082700000, 0x0000000082700000, 0x0000000082800000|  0%| F|  |TAMS 0x0000000082700000, 0x0000000082700000| Untracked 
|  12|0x0000000082800000, 0x0000000082800000, 0x0000000082900000|  0%| F|  |TAMS 0x0000000082800000, 0x0000000082800000| Untracked 
|  13|0x0000000082900000, 0x0000000082900000, 0x0000000082a00000|  0%| F|  |TAMS 0x0000000082900000, 0x0000000082900000| Untracked 
|  14|0x0000000082a00000, 0x0000000082a00000, 0x0000000082b00000|  0%| F|  |TAMS 0x0000000082a00000, 0x0000000082a00000| Untracked 
|  15|0x0000000082b00000, 0x0000000082b00000, 0x0000000082c00000|  0%| F|  |TAMS 0x0000000082b00000, 0x0000000082b00000| Untracked 
|  16|0x0000000082c00000, 0x0000000082c00000, 0x0000000082d00000|  0%| F|  |TAMS 0x0000000082c00000, 0x0000000082c00000| Untracked 
|  17|0x0000000082d00000, 0x0000000082d00000, 0x0000000082e00000|  0%| F|  |TAMS 0x0000000082d00000, 0x0000000082d00000| Untracked 
|  18|0x0000000082e00000, 0x0000000082e00000, 0x0000000082f00000|  0%| F|  |TAMS 0x0000000082e00000, 0x0000000082e00000| Untracked 
|  19|0x0000000082f00000, 0x0000000082f00000, 0x0000000083000000|  0%| F|  |TAMS 0x0000000082f00000, 0x0000000082f00000| Untracked 
|  20|0x0000000083000000, 0x0000000083000000, 0x0000000083100000|  0%| F|  |TAMS 0x0000000083000000, 0x0000000083000000| Untracked 
|  21|0x0000000083100000, 0x0000000083100000, 0x0000000083200000|  0%| F|  |TAMS 0x0000000083100000, 0x0000000083100000| Untracked 
|  22|0x0000000083200000, 0x0000000083200000, 0x0000000083300000|  0%| F|  |TAMS 0x0000000083200000, 0x0000000083200000| Untracked 
|  23|0x0000000083300000, 0x0000000083300000, 0x0000000083400000|  0%| F|  |TAMS 0x0000000083300000, 0x0000000083300000| Untracked 
|  24|0x0000000083400000, 0x0000000083400000, 0x0000000083500000|  0%| F|  |TAMS 0x0000000083400000, 0x0000000083400000| Untracked 
|  25|0x0000000083500000, 0x0000000083500000, 0x0000000083600000|  0%| F|  |TAMS 0x0000000083500000, 0x0000000083500000| Untracked 
|  26|0x0000000083600000, 0x0000000083600000, 0x0000000083700000|  0%| F|  |TAMS 0x0000000083600000, 0x0000000083600000| Untracked 
|  27|0x0000000083700000, 0x0000000083700000, 0x0000000083800000|  0%| F|  |TAMS 0x0000000083700000, 0x0000000083700000| Untracked 
|  28|0x0000000083800000, 0x0000000083800000, 0x0000000083900000|  0%| F|  |TAMS 0x0000000083800000, 0x0000000083800000| Untracked 
|  29|0x0000000083900000, 0x0000000083900000, 0x0000000083a00000|  0%| F|  |TAMS 0x0000000083900000, 0x0000000083900000| Untracked 
|  30|0x0000000083a00000, 0x0000000083a00000, 0x0000000083b00000|  0%| F|  |TAMS 0x0000000083a00000, 0x0000000083a00000| Untracked 
|  31|0x0000000083b00000, 0x0000000083b00000, 0x0000000083c00000|  0%| F|  |TAMS 0x0000000083b00000, 0x0000000083b00000| Untracked 
|  32|0x0000000083c00000, 0x0000000083c00000, 0x0000000083d00000|  0%| F|  |TAMS 0x0000000083c00000, 0x0000000083c00000| Untracked 
|  33|0x0000000083d00000, 0x0000000083d00000, 0x0000000083e00000|  0%| F|  |TAMS 0x0000000083d00000, 0x0000000083d00000| Untracked 
|  34|0x0000000083e00000, 0x0000000083e00000, 0x0000000083f00000|  0%| F|  |TAMS 0x0000000083e00000, 0x0000000083e00000| Untracked 
|  35|0x0000000083f00000, 0x0000000083f00000, 0x0000000084000000|  0%| F|  |TAMS 0x0000000083f00000, 0x0000000083f00000| Untracked 
|  36|0x0000000084000000, 0x0000000084000000, 0x0000000084100000|  0%| F|  |TAMS 0x0000000084000000, 0x0000000084000000| Untracked 
|  37|0x0000000084100000, 0x0000000084100000, 0x0000000084200000|  0%| F|  |TAMS 0x0000000084100000, 0x0000000084100000| Untracked 
|  38|0x0000000084200000, 0x0000000084200000, 0x0000000084300000|  0%| F|  |TAMS 0x0000000084200000, 0x0000000084200000| Untracked 
|  39|0x0000000084300000, 0x0000000084300000, 0x0000000084400000|  0%| F|  |TAMS 0x0000000084300000, 0x0000000084300000| Untracked 
|  40|0x0000000084400000, 0x0000000084400000, 0x0000000084500000|  0%| F|  |TAMS 0x0000000084400000, 0x0000000084400000| Untracked 
|  41|0x0000000084500000, 0x0000000084500000, 0x0000000084600000|  0%| F|  |TAMS 0x0000000084500000, 0x0000000084500000| Untracked 
|  42|0x0000000084600000, 0x0000000084600000, 0x0000000084700000|  0%| F|  |TAMS 0x0000000084600000, 0x0000000084600000| Untracked 
|  43|0x0000000084700000, 0x0000000084700000, 0x0000000084800000|  0%| F|  |TAMS 0x0000000084700000, 0x0000000084700000| Untracked 
|  44|0x0000000084800000, 0x0000000084800000, 0x0000000084900000|  0%| F|  |TAMS 0x0000000084800000, 0x0000000084800000| Untracked 
|  45|0x0000000084900000, 0x0000000084900000, 0x0000000084a00000|  0%| F|  |TAMS 0x0000000084900000, 0x0000000084900000| Untracked 
|  46|0x0000000084a00000, 0x0000000084a00000, 0x0000000084b00000|  0%| F|  |TAMS 0x0000000084a00000, 0x0000000084a00000| Untracked 
|  47|0x0000000084b00000, 0x0000000084b00000, 0x0000000084c00000|  0%| F|  |TAMS 0x0000000084b00000, 0x0000000084b00000| Untracked 
|  48|0x0000000084c00000, 0x0000000084c00000, 0x0000000084d00000|  0%| F|  |TAMS 0x0000000084c00000, 0x0000000084c00000| Untracked 
|  49|0x0000000084d00000, 0x0000000084d00000, 0x0000000084e00000|  0%| F|  |TAMS 0x0000000084d00000, 0x0000000084d00000| Untracked 
|  50|0x0000000084e00000, 0x0000000084e00000, 0x0000000084f00000|  0%| F|  |TAMS 0x0000000084e00000, 0x0000000084e00000| Untracked 
|  51|0x0000000084f00000, 0x0000000084f00000, 0x0000000085000000|  0%| F|  |TAMS 0x0000000084f00000, 0x0000000084f00000| Untracked 
|  52|0x0000000085000000, 0x0000000085000000, 0x0000000085100000|  0%| F|  |TAMS 0x0000000085000000, 0x0000000085000000| Untracked 
|  53|0x0000000085100000, 0x0000000085100000, 0x0000000085200000|  0%| F|  |TAMS 0x0000000085100000, 0x0000000085100000| Untracked 
|  54|0x0000000085200000, 0x0000000085200000, 0x0000000085300000|  0%| F|  |TAMS 0x0000000085200000, 0x0000000085200000| Untracked 
|  55|0x0000000085300000, 0x0000000085300000, 0x0000000085400000|  0%| F|  |TAMS 0x0000000085300000, 0x0000000085300000| Untracked 
|  56|0x0000000085400000, 0x0000000085400000, 0x0000000085500000|  0%| F|  |TAMS 0x0000000085400000, 0x0000000085400000| Untracked 
|  57|0x0000000085500000, 0x0000000085500000, 0x0000000085600000|  0%| F|  |TAMS 0x0000000085500000, 0x0000000085500000| Untracked 
|  58|0x0000000085600000, 0x0000000085600000, 0x0000000085700000|  0%| F|  |TAMS 0x0000000085600000, 0x0000000085600000| Untracked 
|  59|0x0000000085700000, 0x0000000085700000, 0x0000000085800000|  0%| F|  |TAMS 0x0000000085700000, 0x0000000085700000| Untracked 
|  60|0x0000000085800000, 0x0000000085800000, 0x0000000085900000|  0%| F|  |TAMS 0x0000000085800000, 0x0000000085800000| Untracked 
|  61|0x0000000085900000, 0x0000000085900000, 0x0000000085a00000|  0%| F|  |TAMS 0x0000000085900000, 0x0000000085900000| Untracked 
|  62|0x0000000085a00000, 0x0000000085a00000, 0x0000000085b00000|  0%| F|  |TAMS 0x0000000085a00000, 0x0000000085a00000| Untracked 
|  63|0x0000000085b00000, 0x0000000085b00000, 0x0000000085c00000|  0%| F|  |TAMS 0x0000000085b00000, 0x0000000085b00000| Untracked 
|  64|0x0000000085c00000, 0x0000000085c00000, 0x0000000085d00000|  0%| F|  |TAMS 0x0000000085c00000, 0x0000000085c00000| Untracked 
|  65|0x0000000085d00000, 0x0000000085d00000, 0x0000000085e00000|  0%| F|  |TAMS 0x0000000085d00000, 0x0000000085d00000| Untracked 
|  66|0x0000000085e00000, 0x0000000085e00000, 0x0000000085f00000|  0%| F|  |TAMS 0x0000000085e00000, 0x0000000085e00000| Untracked 
|  67|0x0000000085f00000, 0x0000000085f00000, 0x0000000086000000|  0%| F|  |TAMS 0x0000000085f00000, 0x0000000085f00000| Untracked 
|  68|0x0000000086000000, 0x0000000086000000, 0x0000000086100000|  0%| F|  |TAMS 0x0000000086000000, 0x0000000086000000| Untracked 
|  69|0x0000000086100000, 0x0000000086100000, 0x0000000086200000|  0%| F|  |TAMS 0x0000000086100000, 0x0000000086100000| Untracked 
|  70|0x0000000086200000, 0x0000000086200000, 0x0000000086300000|  0%| F|  |TAMS 0x0000000086200000, 0x0000000086200000| Untracked 
|  71|0x0000000086300000, 0x0000000086300000, 0x0000000086400000|  0%| F|  |TAMS 0x0000000086300000, 0x0000000086300000| Untracked 
|  72|0x0000000086400000, 0x0000000086400000, 0x0000000086500000|  0%| F|  |TAMS 0x0000000086400000, 0x0000000086400000| Untracked 
|  73|0x0000000086500000, 0x0000000086500000, 0x0000000086600000|  0%| F|  |TAMS 0x0000000086500000, 0x0000000086500000| Untracked 
|  74|0x0000000086600000, 0x0000000086600000, 0x0000000086700000|  0%| F|  |TAMS 0x0000000086600000, 0x0000000086600000| Untracked 
|  75|0x0000000086700000, 0x0000000086700000, 0x0000000086800000|  0%| F|  |TAMS 0x0000000086700000, 0x0000000086700000| Untracked 
|  76|0x0000000086800000, 0x0000000086800000, 0x0000000086900000|  0%| F|  |TAMS 0x0000000086800000, 0x0000000086800000| Untracked 
|  77|0x0000000086900000, 0x0000000086900000, 0x0000000086a00000|  0%| F|  |TAMS 0x0000000086900000, 0x0000000086900000| Untracked 
|  78|0x0000000086a00000, 0x0000000086a00000, 0x0000000086b00000|  0%| F|  |TAMS 0x0000000086a00000, 0x0000000086a00000| Untracked 
|  79|0x0000000086b00000, 0x0000000086b00000, 0x0000000086c00000|  0%| F|  |TAMS 0x0000000086b00000, 0x0000000086b00000| Untracked 
|  80|0x0000000086c00000, 0x0000000086c00000, 0x0000000086d00000|  0%| F|  |TAMS 0x0000000086c00000, 0x0000000086c00000| Untracked 
|  81|0x0000000086d00000, 0x0000000086d00000, 0x0000000086e00000|  0%| F|  |TAMS 0x0000000086d00000, 0x0000000086d00000| Untracked 
|  82|0x0000000086e00000, 0x0000000086e00000, 0x0000000086f00000|  0%| F|  |TAMS 0x0000000086e00000, 0x0000000086e00000| Untracked 
|  83|0x0000000086f00000, 0x0000000086f00000, 0x0000000087000000|  0%| F|  |TAMS 0x0000000086f00000, 0x0000000086f00000| Untracked 
|  84|0x0000000087000000, 0x0000000087000000, 0x0000000087100000|  0%| F|  |TAMS 0x0000000087000000, 0x0000000087000000| Untracked 
|  85|0x0000000087100000, 0x0000000087100000, 0x0000000087200000|  0%| F|  |TAMS 0x0000000087100000, 0x0000000087100000| Untracked 
|  86|0x0000000087200000, 0x0000000087200000, 0x0000000087300000|  0%| F|  |TAMS 0x0000000087200000, 0x0000000087200000| Untracked 
|  87|0x0000000087300000, 0x0000000087300000, 0x0000000087400000|  0%| F|  |TAMS 0x0000000087300000, 0x0000000087300000| Untracked 
|  88|0x0000000087400000, 0x0000000087400000, 0x0000000087500000|  0%| F|  |TAMS 0x0000000087400000, 0x0000000087400000| Untracked 
|  89|0x0000000087500000, 0x0000000087500000, 0x0000000087600000|  0%| F|  |TAMS 0x0000000087500000, 0x0000000087500000| Untracked 
|  90|0x0000000087600000, 0x0000000087600000, 0x0000000087700000|  0%| F|  |TAMS 0x0000000087600000, 0x0000000087600000| Untracked 
|  91|0x0000000087700000, 0x0000000087700000, 0x0000000087800000|  0%| F|  |TAMS 0x0000000087700000, 0x0000000087700000| Untracked 
|  92|0x0000000087800000, 0x0000000087800000, 0x0000000087900000|  0%| F|  |TAMS 0x0000000087800000, 0x0000000087800000| Untracked 
|  93|0x0000000087900000, 0x0000000087900000, 0x0000000087a00000|  0%| F|  |TAMS 0x0000000087900000, 0x0000000087900000| Untracked 
|  94|0x0000000087a00000, 0x0000000087a00000, 0x0000000087b00000|  0%| F|  |TAMS 0x0000000087a00000, 0x0000000087a00000| Untracked 
|  95|0x0000000087b00000, 0x0000000087b00000, 0x0000000087c00000|  0%| F|  |TAMS 0x0000000087b00000, 0x0000000087b00000| Untracked 
|  96|0x0000000087c00000, 0x0000000087c00000, 0x0000000087d00000|  0%| F|  |TAMS 0x0000000087c00000, 0x0000000087c00000| Untracked 
|  97|0x0000000087d00000, 0x0000000087d00000, 0x0000000087e00000|  0%| F|  |TAMS 0x0000000087d00000, 0x0000000087d00000| Untracked 
|  98|0x0000000087e00000, 0x0000000087e00000, 0x0000000087f00000|  0%| F|  |TAMS 0x0000000087e00000, 0x0000000087e00000| Untracked 
|  99|0x0000000087f00000, 0x0000000087f00000, 0x0000000088000000|  0%| F|  |TAMS 0x0000000087f00000, 0x0000000087f00000| Untracked 
| 100|0x0000000088000000, 0x0000000088000000, 0x0000000088100000|  0%| F|  |TAMS 0x0000000088000000, 0x0000000088000000| Untracked 
| 101|0x0000000088100000, 0x0000000088100000, 0x0000000088200000|  0%| F|  |TAMS 0x0000000088100000, 0x0000000088100000| Untracked 
| 102|0x0000000088200000, 0x0000000088200000, 0x0000000088300000|  0%| F|  |TAMS 0x0000000088200000, 0x0000000088200000| Untracked 
| 103|0x0000000088300000, 0x0000000088300000, 0x0000000088400000|  0%| F|  |TAMS 0x0000000088300000, 0x0000000088300000| Untracked 
| 104|0x0000000088400000, 0x0000000088400000, 0x0000000088500000|  0%| F|  |TAMS 0x0000000088400000, 0x0000000088400000| Untracked 
| 105|0x0000000088500000, 0x0000000088500000, 0x0000000088600000|  0%| F|  |TAMS 0x0000000088500000, 0x0000000088500000| Untracked 
| 106|0x0000000088600000, 0x0000000088600000, 0x0000000088700000|  0%| F|  |TAMS 0x0000000088600000, 0x0000000088600000| Untracked 
| 107|0x0000000088700000, 0x0000000088700000, 0x0000000088800000|  0%| F|  |TAMS 0x0000000088700000, 0x0000000088700000| Untracked 
| 108|0x0000000088800000, 0x0000000088800000, 0x0000000088900000|  0%| F|  |TAMS 0x0000000088800000, 0x0000000088800000| Untracked 
| 109|0x0000000088900000, 0x0000000088900000, 0x0000000088a00000|  0%| F|  |TAMS 0x0000000088900000, 0x0000000088900000| Untracked 
| 110|0x0000000088a00000, 0x0000000088a00000, 0x0000000088b00000|  0%| F|  |TAMS 0x0000000088a00000, 0x0000000088a00000| Untracked 
| 111|0x0000000088b00000, 0x0000000088b00000, 0x0000000088c00000|  0%| F|  |TAMS 0x0000000088b00000, 0x0000000088b00000| Untracked 
| 112|0x0000000088c00000, 0x0000000088c00000, 0x0000000088d00000|  0%| F|  |TAMS 0x0000000088c00000, 0x0000000088c00000| Untracked 
| 113|0x0000000088d00000, 0x0000000088d00000, 0x0000000088e00000|  0%| F|  |TAMS 0x0000000088d00000, 0x0000000088d00000| Untracked 
| 114|0x0000000088e00000, 0x0000000088e00000, 0x0000000088f00000|  0%| F|  |TAMS 0x0000000088e00000, 0x0000000088e00000| Untracked 
| 115|0x0000000088f00000, 0x0000000088fd8eb0, 0x0000000089000000| 84%| S|CS|TAMS 0x0000000088f00000, 0x0000000088f00000| Complete 
| 116|0x0000000089000000, 0x0000000089100000, 0x0000000089100000|100%| S|CS|TAMS 0x0000000089000000, 0x0000000089000000| Complete 
| 117|0x0000000089100000, 0x0000000089100000, 0x0000000089200000|  0%| F|  |TAMS 0x0000000089100000, 0x0000000089100000| Untracked 
| 118|0x0000000089200000, 0x0000000089200000, 0x0000000089300000|  0%| F|  |TAMS 0x0000000089200000, 0x0000000089200000| Untracked 
| 119|0x0000000089300000, 0x0000000089300000, 0x0000000089400000|  0%| F|  |TAMS 0x0000000089300000, 0x0000000089300000| Untracked 
| 120|0x0000000089400000, 0x0000000089400000, 0x0000000089500000|  0%| F|  |TAMS 0x0000000089400000, 0x0000000089400000| Untracked 
| 121|0x0000000089500000, 0x0000000089500000, 0x0000000089600000|  0%| F|  |TAMS 0x0000000089500000, 0x0000000089500000| Untracked 
| 122|0x0000000089600000, 0x0000000089600000, 0x0000000089700000|  0%| F|  |TAMS 0x0000000089600000, 0x0000000089600000| Untracked 
| 123|0x0000000089700000, 0x0000000089700000, 0x0000000089800000|  0%| F|  |TAMS 0x0000000089700000, 0x0000000089700000| Untracked 
| 124|0x0000000089800000, 0x0000000089800000, 0x0000000089900000|  0%| F|  |TAMS 0x0000000089800000, 0x0000000089800000| Untracked 
| 125|0x0000000089900000, 0x0000000089900000, 0x0000000089a00000|  0%| F|  |TAMS 0x0000000089900000, 0x0000000089900000| Untracked 
| 126|0x0000000089a00000, 0x0000000089a00000, 0x0000000089b00000|  0%| F|  |TAMS 0x0000000089a00000, 0x0000000089a00000| Untracked 
| 127|0x0000000089b00000, 0x0000000089b9dc68, 0x0000000089c00000| 61%| E|  |TAMS 0x0000000089b00000, 0x0000000089b00000| Complete 

Card table byte_map: [0x000001fab1d20000,0x000001fab2120000] _byte_map_base: 0x000001fab1912000

Marking Bits (Prev, Next): (CMBitMap*) 0x000001fa9d4e3e60, (CMBitMap*) 0x000001fa9d4e3ea0
 Prev Bits: [0x000001fab2520000, 0x000001fab44b0000)
 Next Bits: [0x000001fab44b0000, 0x000001fab6440000)

Polling page: 0x000001fa9d2b0000

Metaspace:

Usage:
  Non-class:     15.27 MB used.
      Class:      1.75 MB used.
       Both:     17.03 MB used.

Virtual space:
  Non-class space:       64.00 MB reserved,      15.38 MB ( 24%) committed,  1 nodes.
      Class space:        1.00 GB reserved,       1.81 MB ( <1%) committed,  1 nodes.
             Both:        1.06 GB reserved,      17.19 MB (  2%) committed. 

Chunk freelists:
   Non-Class:  575.00 KB
       Class:  14.13 MB
        Both:  14.69 MB

MaxMetaspaceSize: unlimited
CompressedClassSpaceSize: 1.00 GB
Initial GC threshold: 21.00 MB
Current GC threshold: 21.00 MB
CDS: off
MetaspaceReclaimPolicy: balanced
 - commit_granule_bytes: 65536.
 - commit_granule_words: 8192.
 - virtual_space_node_default_size: 8388608.
 - enlarge_chunks_in_place: 1.
 - new_chunks_are_fully_committed: 0.
 - uncommit_free_chunks: 1.
 - use_allocation_guard: 0.
 - handle_deallocations: 1.


Internal statistics:

num_allocs_failed_limit: 0.
num_arena_births: 142.
num_arena_deaths: 0.
num_vsnodes_births: 2.
num_vsnodes_deaths: 0.
num_space_committed: 275.
num_space_uncommitted: 0.
num_chunks_returned_to_freelist: 0.
num_chunks_taken_from_freelist: 311.
num_chunk_merges: 0.
num_chunk_splits: 160.
num_chunks_enlarged: 98.
num_inconsistent_stats: 0.

CodeHeap 'non-profiled nmethods': size=120000Kb used=510Kb max_used=510Kb free=119489Kb
 bounds [0x000001faa9dd0000, 0x000001faaa040000, 0x000001fab1300000]
CodeHeap 'profiled nmethods': size=120000Kb used=2529Kb max_used=2529Kb free=117470Kb
 bounds [0x000001faa2300000, 0x000001faa2580000, 0x000001faa9830000]
CodeHeap 'non-nmethods': size=5760Kb used=1195Kb max_used=1217Kb free=4564Kb
 bounds [0x000001faa9830000, 0x000001faa9aa0000, 0x000001faa9dd0000]
 total_blobs=1935 nmethods=1438 adapters=410
 compilation: enabled
              stopped_count=0, restarted_count=0
 full_count=0

Compilation events (20 events):
Event: 5.049 Thread 0x000001fab8b11eb0 1423       3       java.lang.ref.ReferenceQueue::reallyPoll (65 bytes)
Event: 5.050 Thread 0x000001fab8b11eb0 nmethod 1423 0x000001faa2571590 code [0x000001faa2571760, 0x000001faa2571c78]
Event: 5.051 Thread 0x000001fab8b11eb0 1424       3       java.lang.ClassLoader::definePackage (85 bytes)
Event: 5.052 Thread 0x000001fab8b11eb0 nmethod 1424 0x000001faa2571d90 code [0x000001faa2572060, 0x000001faa2572f58]
Event: 5.052 Thread 0x000001fab8b11eb0 1426       3       java.security.SecureClassLoader$CodeSourceKey::hashCode (21 bytes)
Event: 5.053 Thread 0x000001fab8b11eb0 nmethod 1426 0x000001faa2573410 code [0x000001faa25735c0, 0x000001faa25737a8]
Event: 5.053 Thread 0x000001fab8b11eb0 1427       3       java.lang.ClassLoader::defineClass (43 bytes)
Event: 5.053 Thread 0x000001fab8b11eb0 nmethod 1427 0x000001faa2573890 code [0x000001faa2573a80, 0x000001faa2573f78]
Event: 5.053 Thread 0x000001fab8b11eb0 1428       3       java.lang.ClassLoader::preDefineClass (118 bytes)
Event: 5.055 Thread 0x000001fab8b11eb0 nmethod 1428 0x000001faa2574210 code [0x000001faa2574580, 0x000001faa2575838]
Event: 5.055 Thread 0x000001fab8b11eb0 1431       1       java.lang.AbstractStringBuilder::length (5 bytes)
Event: 5.055 Thread 0x000001fab8b11eb0 nmethod 1431 0x000001faa9e4e690 code [0x000001faa9e4e820, 0x000001faa9e4e8f8]
Event: 5.055 Thread 0x000001fab8b11eb0 1429       3       java.lang.ClassLoader::checkCerts (121 bytes)
Event: 5.056 Thread 0x000001fab8b11eb0 nmethod 1429 0x000001faa2575f10 code [0x000001faa2576200, 0x000001faa2577048]
Event: 5.056 Thread 0x000001fab8b11eb0 1432       3       java.lang.invoke.InvokerBytecodeGenerator::getInternalName (103 bytes)
Event: 5.057 Thread 0x000001fab8b11eb0 nmethod 1432 0x000001faa2577590 code [0x000001faa25777a0, 0x000001faa2577cf8]
Event: 5.057 Thread 0x000001fab8b11eb0 1425       3       java.lang.Package::isSealed (26 bytes)
Event: 5.057 Thread 0x000001fab8b11eb0 nmethod 1425 0x000001faa2577e10 code [0x000001faa2577fc0, 0x000001faa25782b8]
Event: 5.057 Thread 0x000001fab8b11eb0 1438       3       sun.invoke.util.Wrapper::isDoubleWord (15 bytes)
Event: 5.057 Thread 0x000001fab8b11eb0 nmethod 1438 0x000001faa2578390 code [0x000001faa2578520, 0x000001faa2578698]

GC Heap History (4 events):
Event: 2.525 GC heap before
{Heap before GC invocations=0 (full 0):
 garbage-first heap   total 131072K, used 13312K [0x0000000081c00000, 0x0000000100000000)
  region size 1024K, 13 young (13312K), 0 survivors (0K)
 Metaspace       used 12580K, committed 12800K, reserved 1114112K
  class space    used 1248K, committed 1344K, reserved 1048576K
}
Event: 2.541 GC heap after
{Heap after GC invocations=1 (full 0):
 garbage-first heap   total 131072K, used 4373K [0x0000000081c00000, 0x0000000100000000)
  region size 1024K, 2 young (2048K), 2 survivors (2048K)
 Metaspace       used 12580K, committed 12800K, reserved 1114112K
  class space    used 1248K, committed 1344K, reserved 1048576K
}
Event: 5.043 GC heap before
{Heap before GC invocations=1 (full 0):
 garbage-first heap   total 131072K, used 15637K [0x0000000081c00000, 0x0000000100000000)
  region size 1024K, 13 young (13312K), 2 survivors (2048K)
 Metaspace       used 17380K, committed 17536K, reserved 1114112K
  class space    used 1789K, committed 1856K, reserved 1048576K
}
Event: 5.048 GC heap after
{Heap after GC invocations=2 (full 0):
 garbage-first heap   total 131072K, used 6394K [0x0000000081c00000, 0x0000000100000000)
  region size 1024K, 2 young (2048K), 2 survivors (2048K)
 Metaspace       used 17380K, committed 17536K, reserved 1114112K
  class space    used 1789K, committed 1856K, reserved 1048576K
}

Dll operation events (6 events):
Event: 0.012 Loaded shared library C:\Users\ADMIN\Downloads\eclipse-dsl-2023-09-R-win32-x86_64\eclipse\plugins\org.eclipse.justj.openjdk.hotspot.jre.full.win32.x86_64_17.0.8.v20230831-1047\jre\bin\java.dll
Event: 0.407 Loaded shared library C:\Users\ADMIN\Downloads\eclipse-dsl-2023-09-R-win32-x86_64\eclipse\plugins\org.eclipse.justj.openjdk.hotspot.jre.full.win32.x86_64_17.0.8.v20230831-1047\jre\bin\net.dll
Event: 0.409 Loaded shared library C:\Users\ADMIN\Downloads\eclipse-dsl-2023-09-R-win32-x86_64\eclipse\plugins\org.eclipse.justj.openjdk.hotspot.jre.full.win32.x86_64_17.0.8.v20230831-1047\jre\bin\nio.dll
Event: 0.420 Loaded shared library C:\Users\ADMIN\Downloads\eclipse-dsl-2023-09-R-win32-x86_64\eclipse\plugins\org.eclipse.justj.openjdk.hotspot.jre.full.win32.x86_64_17.0.8.v20230831-1047\jre\bin\zip.dll
Event: 0.855 Loaded shared library C:\Users\ADMIN\Downloads\eclipse-dsl-2023-09-R-win32-x86_64\eclipse\plugins\org.eclipse.justj.openjdk.hotspot.jre.full.win32.x86_64_17.0.8.v20230831-1047\jre\bin\jimage.dll
Event: 2.448 Loaded shared library C:\Users\ADMIN\Downloads\eclipse-dsl-2023-09-R-win32-x86_64\eclipse\plugins\org.eclipse.justj.openjdk.hotspot.jre.full.win32.x86_64_17.0.8.v20230831-1047\jre\bin\sunmscapi.dll

Deoptimization events (20 events):
Event: 2.820 Thread 0x000001fa9d488ce0 DEOPT PACKING pc=0x000001faa24c1bbe sp=0x0000004b94ffc810
Event: 2.820 Thread 0x000001fa9d488ce0 DEOPT UNPACKING pc=0x000001faa9887143 sp=0x0000004b94ffbc90 mode 0
Event: 2.837 Thread 0x000001fa9d488ce0 DEOPT PACKING pc=0x000001faa235627e sp=0x0000004b94ffc8d0
Event: 2.837 Thread 0x000001fa9d488ce0 DEOPT UNPACKING pc=0x000001faa9887143 sp=0x0000004b94ffbd40 mode 0
Event: 2.994 Thread 0x000001fa9d488ce0 Uncommon trap: trap_request=0xffffff45 fr.pc=0x000001faa9e3e3f4 relative=0x0000000000000074
Event: 2.994 Thread 0x000001fa9d488ce0 Uncommon trap: reason=unstable_if action=reinterpret pc=0x000001faa9e3e3f4 method=jdk.internal.misc.Unsafe.convEndian(ZI)I @ 4 c2
Event: 2.994 Thread 0x000001fa9d488ce0 DEOPT PACKING pc=0x000001faa9e3e3f4 sp=0x0000004b94ffdac0
Event: 2.994 Thread 0x000001fa9d488ce0 DEOPT UNPACKING pc=0x000001faa98869a3 sp=0x0000004b94ffd9f0 mode 2
Event: 3.050 Thread 0x000001fa9d488ce0 Uncommon trap: trap_request=0xffffff45 fr.pc=0x000001faa9e2e454 relative=0x0000000000000234
Event: 3.050 Thread 0x000001fa9d488ce0 Uncommon trap: reason=unstable_if action=reinterpret pc=0x000001faa9e2e454 method=java.util.HashMap.putVal(ILjava/lang/Object;Ljava/lang/Object;ZZ)Ljava/lang/Object; @ 162 c2
Event: 3.050 Thread 0x000001fa9d488ce0 DEOPT PACKING pc=0x000001faa9e2e454 sp=0x0000004b94ffb3e0
Event: 3.050 Thread 0x000001fa9d488ce0 DEOPT UNPACKING pc=0x000001faa98869a3 sp=0x0000004b94ffb328 mode 2
Event: 3.075 Thread 0x000001fa9d488ce0 Uncommon trap: trap_request=0xffffff45 fr.pc=0x000001faa9e2c8f0 relative=0x00000000000001d0
Event: 3.075 Thread 0x000001fa9d488ce0 Uncommon trap: reason=unstable_if action=reinterpret pc=0x000001faa9e2c8f0 method=java.util.HashMap.putVal(ILjava/lang/Object;Ljava/lang/Object;ZZ)Ljava/lang/Object; @ 162 c2
Event: 3.075 Thread 0x000001fa9d488ce0 DEOPT PACKING pc=0x000001faa9e2c8f0 sp=0x0000004b94ffb8b0
Event: 3.075 Thread 0x000001fa9d488ce0 DEOPT UNPACKING pc=0x000001faa98869a3 sp=0x0000004b94ffb850 mode 2
Event: 5.050 Thread 0x000001fa9d488ce0 Uncommon trap: trap_request=0xffffff45 fr.pc=0x000001faa9e296ac relative=0x000000000000016c
Event: 5.050 Thread 0x000001fa9d488ce0 Uncommon trap: reason=unstable_if action=reinterpret pc=0x000001faa9e296ac method=java.util.concurrent.ConcurrentHashMap.addCount(JI)V @ 121 c2
Event: 5.050 Thread 0x000001fa9d488ce0 DEOPT PACKING pc=0x000001faa9e296ac sp=0x0000004b94ffcbb0
Event: 5.050 Thread 0x000001fa9d488ce0 DEOPT UNPACKING pc=0x000001faa98869a3 sp=0x0000004b94ffcb10 mode 2

Classes unloaded (0 events):
No events

Classes redefined (0 events):
No events

Internal exceptions (20 events):
Event: 3.279 Thread 0x000001fabdcb5ff0 Exception <a 'java/net/ConnectException'{0x00000000892fd1f8}: Connection refused: no further information> (0x00000000892fd1f8) 
thrown [s\src\hotspot\share\prims\jni.cpp, line 535]
Event: 3.279 Thread 0x000001fabdcb5ff0 Exception <a 'java/net/SocketException'{0x00000000892fd530}: Socket is not connected: shutdown> (0x00000000892fd530) 
thrown [s\src\hotspot\share\prims\jni.cpp, line 535]
Event: 3.295 Thread 0x000001fabdcb5ff0 Exception <a 'java/net/ConnectException'{0x00000000892fe528}: Connection refused: no further information> (0x00000000892fe528) 
thrown [s\src\hotspot\share\prims\jni.cpp, line 535]
Event: 3.295 Thread 0x000001fabdcb5ff0 Exception <a 'java/net/SocketException'{0x00000000892fe860}: Socket is not connected: shutdown> (0x00000000892fe860) 
thrown [s\src\hotspot\share\prims\jni.cpp, line 535]
Event: 3.328 Thread 0x000001fabdcb5ff0 Exception <a 'java/net/ConnectException'{0x00000000892ff788}: Connection refused: no further information> (0x00000000892ff788) 
thrown [s\src\hotspot\share\prims\jni.cpp, line 535]
Event: 3.328 Thread 0x000001fabdcb5ff0 Exception <a 'java/net/SocketException'{0x00000000892ffac0}: Socket is not connected: shutdown> (0x00000000892ffac0) 
thrown [s\src\hotspot\share\prims\jni.cpp, line 535]
Event: 3.375 Thread 0x000001fabdcb5ff0 Exception <a 'java/net/ConnectException'{0x0000000089100e80}: Connection refused: no further information> (0x0000000089100e80) 
thrown [s\src\hotspot\share\prims\jni.cpp, line 535]
Event: 3.375 Thread 0x000001fabdcb5ff0 Exception <a 'java/net/SocketException'{0x00000000891011b8}: Socket is not connected: shutdown> (0x00000000891011b8) 
thrown [s\src\hotspot\share\prims\jni.cpp, line 535]
Event: 3.468 Thread 0x000001fabdcb5ff0 Exception <a 'java/net/ConnectException'{0x00000000891020e0}: Connection refused: no further information> (0x00000000891020e0) 
thrown [s\src\hotspot\share\prims\jni.cpp, line 535]
Event: 3.468 Thread 0x000001fabdcb5ff0 Exception <a 'java/net/SocketException'{0x0000000089102418}: Socket is not connected: shutdown> (0x0000000089102418) 
thrown [s\src\hotspot\share\prims\jni.cpp, line 535]
Event: 3.638 Thread 0x000001fabdcb5ff0 Exception <a 'java/net/ConnectException'{0x0000000089103340}: Connection refused: no further information> (0x0000000089103340) 
thrown [s\src\hotspot\share\prims\jni.cpp, line 535]
Event: 3.638 Thread 0x000001fabdcb5ff0 Exception <a 'java/net/SocketException'{0x0000000089103678}: Socket is not connected: shutdown> (0x0000000089103678) 
thrown [s\src\hotspot\share\prims\jni.cpp, line 535]
Event: 3.965 Thread 0x000001fabdcb5ff0 Exception <a 'java/net/ConnectException'{0x00000000891045a0}: Connection refused: no further information> (0x00000000891045a0) 
thrown [s\src\hotspot\share\prims\jni.cpp, line 535]
Event: 3.965 Thread 0x000001fabdcb5ff0 Exception <a 'java/net/SocketException'{0x00000000891048d8}: Socket is not connected: shutdown> (0x00000000891048d8) 
thrown [s\src\hotspot\share\prims\jni.cpp, line 535]
Event: 4.303 Thread 0x000001fabdcb5ff0 Exception <a 'java/net/ConnectException'{0x0000000089105800}: Connection refused: no further information> (0x0000000089105800) 
thrown [s\src\hotspot\share\prims\jni.cpp, line 535]
Event: 4.303 Thread 0x000001fabdcb5ff0 Exception <a 'java/net/SocketException'{0x0000000089105b38}: Socket is not connected: shutdown> (0x0000000089105b38) 
thrown [s\src\hotspot\share\prims\jni.cpp, line 535]
Event: 4.631 Thread 0x000001fabdcb5ff0 Exception <a 'java/net/ConnectException'{0x0000000089106a60}: Connection refused: no further information> (0x0000000089106a60) 
thrown [s\src\hotspot\share\prims\jni.cpp, line 535]
Event: 4.631 Thread 0x000001fabdcb5ff0 Exception <a 'java/net/SocketException'{0x0000000089106d98}: Socket is not connected: shutdown> (0x0000000089106d98) 
thrown [s\src\hotspot\share\prims\jni.cpp, line 535]
Event: 5.040 Thread 0x000001fa9d488ce0 Exception <a 'java/lang/NoSuchMethodError'{0x00000000891ec4c8}: 'java.lang.Object java.lang.invoke.DirectMethodHandle$Holder.newInvokeSpecial(java.lang.Object, java.lang.Object, int, int)'> (0x00000000891ec4c8) 
thrown [s\src\hotspot\share\interpreter\linkResolver.cpp, line 759]
Event: 5.041 Thread 0x000001fa9d488ce0 Exception <a 'java/lang/NoSuchMethodError'{0x00000000891f70b8}: 'void java.lang.invoke.DirectMethodHandle$Holder.invokeStatic(java.lang.Object, java.lang.Object, int)'> (0x00000000891f70b8) 
thrown [s\src\hotspot\share\interpreter\linkResolver.cpp, line 759]

VM Operations (20 events):
Event: 2.205 Executing VM operation: Cleanup
Event: 2.205 Executing VM operation: Cleanup done
Event: 2.245 Executing VM operation: HandshakeAllThreads
Event: 2.245 Executing VM operation: HandshakeAllThreads done
Event: 2.376 Executing VM operation: HandshakeAllThreads
Event: 2.376 Executing VM operation: HandshakeAllThreads done
Event: 2.456 Executing VM operation: HandshakeAllThreads
Event: 2.456 Executing VM operation: HandshakeAllThreads done
Event: 2.524 Executing VM operation: G1CollectForAllocation
Event: 2.541 Executing VM operation: G1CollectForAllocation done
Event: 3.007 Executing VM operation: HandshakeAllThreads
Event: 3.007 Executing VM operation: HandshakeAllThreads done
Event: 4.008 Executing VM operation: Cleanup
Event: 4.009 Executing VM operation: Cleanup done
Event: 4.978 Executing VM operation: HandshakeAllThreads
Event: 4.978 Executing VM operation: HandshakeAllThreads done
Event: 4.982 Executing VM operation: HandshakeAllThreads
Event: 4.982 Executing VM operation: HandshakeAllThreads done
Event: 5.043 Executing VM operation: G1CollectForAllocation
Event: 5.048 Executing VM operation: G1CollectForAllocation done

Events (20 events):
Event: 5.033 loading class java/util/Collections$UnmodifiableMap$UnmodifiableEntrySet$UnmodifiableEntrySetSpliterator
Event: 5.033 loading class java/util/Collections$UnmodifiableMap$UnmodifiableEntrySet$UnmodifiableEntrySetSpliterator done
Event: 5.033 loading class java/util/LinkedHashMap$LinkedEntryIterator
Event: 5.033 loading class java/util/LinkedHashMap$LinkedEntryIterator done
Event: 5.034 loading class java/io/ObjectInputStream
Event: 5.035 loading class java/io/ObjectInput
Event: 5.035 loading class java/io/ObjectInput done
Event: 5.035 loading class java/io/ObjectStreamConstants
Event: 5.035 loading class java/io/ObjectStreamConstants done
Event: 5.036 loading class java/io/ObjectInputStream done
Event: 5.036 loading class java/lang/CloneNotSupportedException
Event: 5.036 loading class java/lang/CloneNotSupportedException done
Event: 5.049 loading class java/util/function/UnaryOperator
Event: 5.049 loading class java/util/function/UnaryOperator done
Event: 5.049 loading class java/io/ObjectOutputStream
Event: 5.049 loading class java/io/ObjectOutput
Event: 5.049 loading class java/io/ObjectOutput done
Event: 5.050 loading class java/io/ObjectOutputStream done
Event: 5.054 loading class java/util/function/IntFunction
Event: 5.054 loading class java/util/function/IntFunction done


Dynamic libraries:
0x00007ff6736a0000 - 0x00007ff6736ae000 	C:\Users\ADMIN\Downloads\eclipse-dsl-2023-09-R-win32-x86_64\eclipse\plugins\org.eclipse.justj.openjdk.hotspot.jre.full.win32.x86_64_17.0.8.v20230831-1047\jre\bin\javaw.exe
0x00007ffb5c4b0000 - 0x00007ffb5c6a8000 	C:\Windows\SYSTEM32\ntdll.dll
0x00007ffb5a500000 - 0x00007ffb5a5bd000 	C:\Windows\System32\KERNEL32.DLL
0x00007ffb59cc0000 - 0x00007ffb59fb6000 	C:\Windows\System32\KERNELBASE.dll
0x00007ffb5a3e0000 - 0x00007ffb5a4e0000 	C:\Windows\System32\ucrtbase.dll
0x00007ffb4e2a0000 - 0x00007ffb4e2b7000 	C:\Users\ADMIN\Downloads\eclipse-dsl-2023-09-R-win32-x86_64\eclipse\plugins\org.eclipse.justj.openjdk.hotspot.jre.full.win32.x86_64_17.0.8.v20230831-1047\jre\bin\jli.dll
0x00007ffb5a5c0000 - 0x00007ffb5a75f000 	C:\Windows\System32\USER32.dll
0x00007ffb5a3b0000 - 0x00007ffb5a3d2000 	C:\Windows\System32\win32u.dll
0x00007ffb5c080000 - 0x00007ffb5c0ab000 	C:\Windows\System32\GDI32.dll
0x00007ffb5a030000 - 0x00007ffb5a147000 	C:\Windows\System32\gdi32full.dll
0x00007ffb59b90000 - 0x00007ffb59c2d000 	C:\Windows\System32\msvcp_win.dll
0x00007ffb4e280000 - 0x00007ffb4e299000 	C:\Users\ADMIN\Downloads\eclipse-dsl-2023-09-R-win32-x86_64\eclipse\plugins\org.eclipse.justj.openjdk.hotspot.jre.full.win32.x86_64_17.0.8.v20230831-1047\jre\bin\VCRUNTIME140.dll
0x00007ffb3d730000 - 0x00007ffb3d9ca000 	C:\Windows\WinSxS\amd64_microsoft.windows.common-controls_6595b64144ccf1df_6.0.19041.4355_none_60b8b9eb71f62e16\COMCTL32.dll
0x00007ffb5bdf0000 - 0x00007ffb5be8e000 	C:\Windows\System32\msvcrt.dll
0x00007ffb5bb10000 - 0x00007ffb5bb42000 	C:\Windows\System32\IMM32.DLL
0x00007ffb505a0000 - 0x00007ffb505ac000 	C:\Users\ADMIN\Downloads\eclipse-dsl-2023-09-R-win32-x86_64\eclipse\plugins\org.eclipse.justj.openjdk.hotspot.jre.full.win32.x86_64_17.0.8.v20230831-1047\jre\bin\vcruntime140_1.dll
0x00007ffb4bec0000 - 0x00007ffb4bf51000 	C:\Users\ADMIN\Downloads\eclipse-dsl-2023-09-R-win32-x86_64\eclipse\plugins\org.eclipse.justj.openjdk.hotspot.jre.full.win32.x86_64_17.0.8.v20230831-1047\jre\bin\msvcp140.dll
0x00007ffb18d80000 - 0x00007ffb199cc000 	C:\Users\ADMIN\Downloads\eclipse-dsl-2023-09-R-win32-x86_64\eclipse\plugins\org.eclipse.justj.openjdk.hotspot.jre.full.win32.x86_64_17.0.8.v20230831-1047\jre\bin\server\jvm.dll
0x00007ffb5bea0000 - 0x00007ffb5bf50000 	C:\Windows\System32\ADVAPI32.dll
0x00007ffb5bfe0000 - 0x00007ffb5c080000 	C:\Windows\System32\sechost.dll
0x00007ffb5a760000 - 0x00007ffb5a883000 	C:\Windows\System32\RPCRT4.dll
0x00007ffb59b60000 - 0x00007ffb59b87000 	C:\Windows\System32\bcrypt.dll
0x00007ffb599b0000 - 0x00007ffb599fb000 	C:\Windows\SYSTEM32\POWRPROF.dll
0x00007ffb40630000 - 0x00007ffb40639000 	C:\Windows\SYSTEM32\WSOCK32.dll
0x00007ffb5a980000 - 0x00007ffb5a9eb000 	C:\Windows\System32\WS2_32.dll
0x00007ffb51b30000 - 0x00007ffb51b57000 	C:\Windows\SYSTEM32\WINMM.dll
0x00007ffb4ef50000 - 0x00007ffb4ef5a000 	C:\Windows\SYSTEM32\VERSION.dll
0x00007ffb59990000 - 0x00007ffb599a2000 	C:\Windows\SYSTEM32\UMPDC.dll
0x00007ffb58370000 - 0x00007ffb58382000 	C:\Windows\SYSTEM32\kernel.appcore.dll
0x00007ffb512e0000 - 0x00007ffb512ea000 	C:\Users\ADMIN\Downloads\eclipse-dsl-2023-09-R-win32-x86_64\eclipse\plugins\org.eclipse.justj.openjdk.hotspot.jre.full.win32.x86_64_17.0.8.v20230831-1047\jre\bin\jimage.dll
0x00007ffb54700000 - 0x00007ffb548e4000 	C:\Windows\SYSTEM32\DBGHELP.DLL
0x00007ffb387b0000 - 0x00007ffb387e4000 	C:\Windows\SYSTEM32\dbgcore.DLL
0x00007ffb59c30000 - 0x00007ffb59cb2000 	C:\Windows\System32\bcryptPrimitives.dll
0x00007ffb50340000 - 0x00007ffb50365000 	C:\Users\ADMIN\Downloads\eclipse-dsl-2023-09-R-win32-x86_64\eclipse\plugins\org.eclipse.justj.openjdk.hotspot.jre.full.win32.x86_64_17.0.8.v20230831-1047\jre\bin\java.dll
0x00007ffb503d0000 - 0x00007ffb503e8000 	C:\Users\ADMIN\Downloads\eclipse-dsl-2023-09-R-win32-x86_64\eclipse\plugins\org.eclipse.justj.openjdk.hotspot.jre.full.win32.x86_64_17.0.8.v20230831-1047\jre\bin\zip.dll
0x00007ffb5ab00000 - 0x00007ffb5b26b000 	C:\Windows\System32\SHELL32.dll
0x00007ffb57bc0000 - 0x00007ffb5835d000 	C:\Windows\SYSTEM32\windows.storage.dll
0x00007ffb5c0b0000 - 0x00007ffb5c403000 	C:\Windows\System32\combase.dll
0x00007ffb594b0000 - 0x00007ffb594de000 	C:\Windows\SYSTEM32\Wldp.dll
0x00007ffb5bc00000 - 0x00007ffb5bccd000 	C:\Windows\System32\OLEAUT32.dll
0x00007ffb5bb50000 - 0x00007ffb5bbfd000 	C:\Windows\System32\SHCORE.dll
0x00007ffb5b280000 - 0x00007ffb5b2d5000 	C:\Windows\System32\shlwapi.dll
0x00007ffb59a90000 - 0x00007ffb59ab4000 	C:\Windows\SYSTEM32\profapi.dll
0x00007ffb502a0000 - 0x00007ffb502b9000 	C:\Users\ADMIN\Downloads\eclipse-dsl-2023-09-R-win32-x86_64\eclipse\plugins\org.eclipse.justj.openjdk.hotspot.jre.full.win32.x86_64_17.0.8.v20230831-1047\jre\bin\net.dll
0x00007ffb4d8d0000 - 0x00007ffb4d9da000 	C:\Windows\SYSTEM32\WINHTTP.dll
0x00007ffb59210000 - 0x00007ffb5927a000 	C:\Windows\system32\mswsock.dll
0x00007ffb4ff70000 - 0x00007ffb4ff85000 	C:\Users\ADMIN\Downloads\eclipse-dsl-2023-09-R-win32-x86_64\eclipse\plugins\org.eclipse.justj.openjdk.hotspot.jre.full.win32.x86_64_17.0.8.v20230831-1047\jre\bin\nio.dll
0x00007ffb58f30000 - 0x00007ffb58ffb000 	C:\Windows\SYSTEM32\DNSAPI.dll
0x00007ffb58ef0000 - 0x00007ffb58f2b000 	C:\Windows\SYSTEM32\IPHLPAPI.DLL
0x00007ffb5b270000 - 0x00007ffb5b278000 	C:\Windows\System32\NSI.dll
0x00007ffb4ace0000 - 0x00007ffb4acea000 	C:\Windows\System32\rasadhlp.dll
0x00007ffb4c150000 - 0x00007ffb4c1d0000 	C:\Windows\System32\fwpuclnt.dll
0x00007ffb51df0000 - 0x00007ffb51dfe000 	C:\Users\ADMIN\Downloads\eclipse-dsl-2023-09-R-win32-x86_64\eclipse\plugins\org.eclipse.justj.openjdk.hotspot.jre.full.win32.x86_64_17.0.8.v20230831-1047\jre\bin\sunmscapi.dll
0x00007ffb5a150000 - 0x00007ffb5a2ae000 	C:\Windows\System32\CRYPT32.dll
0x00007ffb59520000 - 0x00007ffb59549000 	C:\Windows\SYSTEM32\ncrypt.dll
0x00007ffb594e0000 - 0x00007ffb5951b000 	C:\Windows\SYSTEM32\NTASN1.dll
0x00007ffb59410000 - 0x00007ffb59428000 	C:\Windows\SYSTEM32\CRYPTSP.dll
0x00007ffb58b30000 - 0x00007ffb58b64000 	C:\Windows\system32\rsaenh.dll
0x00007ffb59a40000 - 0x00007ffb59a6e000 	C:\Windows\SYSTEM32\USERENV.dll
0x00007ffb59400000 - 0x00007ffb5940c000 	C:\Windows\SYSTEM32\CRYPTBASE.dll
0x00007ffb4ea50000 - 0x00007ffb4ea67000 	C:\Windows\SYSTEM32\dhcpcsvc6.DLL
0x00007ffb4eff0000 - 0x00007ffb4f00d000 	C:\Windows\SYSTEM32\dhcpcsvc.DLL
0x00007ffb50130000 - 0x00007ffb50137000 	C:\Windows\system32\wshunix.dll

dbghelp: loaded successfully - version: 4.0.5 - missing functions: none
symbol engine: initialized successfully - sym options: 0x614 - pdb path: .;C:\Users\ADMIN\Downloads\eclipse-dsl-2023-09-R-win32-x86_64\eclipse\plugins\org.eclipse.justj.openjdk.hotspot.jre.full.win32.x86_64_17.0.8.v20230831-1047\jre\bin;C:\Windows\SYSTEM32;C:\Windows\WinSxS\amd64_microsoft.windows.common-controls_6595b64144ccf1df_6.0.19041.4355_none_60b8b9eb71f62e16;C:\Users\ADMIN\Downloads\eclipse-dsl-2023-09-R-win32-x86_64\eclipse\plugins\org.eclipse.justj.openjdk.hotspot.jre.full.win32.x86_64_17.0.8.v20230831-1047\jre\bin\server

VM Arguments:
jvm_args: -Dfile.encoding=UTF-8 -Dstdout.encoding=UTF-8 -Dstderr.encoding=UTF-8 -XX:+ShowCodeDetailsInExceptionMessages 
java_command: Select_class.class_001
java_class_path (initial): C:\Users\ADMIN\eclipse-workspace\Selenium-maven\target\test-classes;C:\Users\ADMIN\eclipse-workspace\Selenium-maven\target\classes;C:\Users\ADMIN\Downloads\selenium-java-4.20.0\auto-service-annotations-1.1.1.jar;C:\Users\ADMIN\Downloads\selenium-java-4.20.0\auto-service-annotations-1.1.1-sources.jar;C:\Users\ADMIN\Downloads\selenium-java-4.20.0\byte-buddy-1.14.14.jar;C:\Users\ADMIN\Downloads\selenium-java-4.20.0\byte-buddy-1.14.14-sources.jar;C:\Users\ADMIN\Downloads\selenium-java-4.20.0\checker-qual-3.42.0.jar;C:\Users\ADMIN\Downloads\selenium-java-4.20.0\checker-qual-3.42.0-sources.jar;C:\Users\ADMIN\Downloads\selenium-java-4.20.0\commons-exec-1.4.0.jar;C:\Users\ADMIN\Downloads\selenium-java-4.20.0\commons-exec-1.4.0-sources.jar;C:\Users\ADMIN\Downloads\selenium-java-4.20.0\error_prone_annotations-2.26.1.jar;C:\Users\ADMIN\Downloads\selenium-java-4.20.0\error_prone_annotations-2.26.1-sources.jar;C:\Users\ADMIN\Downloads\selenium-java-4.20.0\failsafe-3.3.2.jar;C:\Users\ADMIN\Downloads\selenium-java-4.20.0\failsafe-3.3.2-sources.jar;C:\Users\ADMIN\Downloads\selenium-java-4.20.0\failureaccess-1.0.2.jar;C:\Users\ADMIN\Downloads\selenium-java-4.20.0\failureaccess-1.0.2-sources.jar;C:\Users\ADMIN\Downloads\selenium-java-4.20.0\guava-33.1.0-jre.jar;C:\Users\ADMIN\Downloads\selenium-java-4.20.0\guava-33.1.0-jre-sources.jar;C:\Users\ADMIN\Downloads\selenium-java-4.20.0\j2objc-annotations-3.0.0.jar;C:\Users\ADMIN\Downloads\selenium-java-4.20.0\j2objc-annotations-3.0.0-sources.jar;C:\Users\ADMIN\Downloads\selenium-java-4.20.0\jsr305-3.0.2.jar;C:\Users\ADMIN\Downloads\selenium-java-4.20.0\jsr305-3.0.2-sources.jar;C:\Users\ADMIN\Downloads\selenium-java-4.20.0\listenablefuture-9999.0-empty-to-avoid-conflict-with-guava.jar;C:\Users\ADMIN\Downloads\selenium-java-4.20.0\opentelemetry-api-1.37.0.jar;C:\Users\ADMIN\Downloads\selenium-java-4.20.0\opentelemetry-api-1.37.0-sources.jar;C:\Users\ADMIN\Downloads\selenium-java-4.20.0\opentelemetry-api-incubator
Launcher Type: SUN_STANDARD

[Global flags]
     intx CICompilerCount                          = 3                                         {product} {ergonomic}
     uint ConcGCThreads                            = 1                                         {product} {ergonomic}
     uint G1ConcRefinementThreads                  = 4                                         {product} {ergonomic}
   size_t G1HeapRegionSize                         = 1048576                                   {product} {ergonomic}
    uintx GCDrainStackTargetSize                   = 64                                        {product} {ergonomic}
   size_t InitialHeapSize                          = 134217728                                 {product} {ergonomic}
   size_t MarkStackSize                            = 4194304                                   {product} {ergonomic}
   size_t MaxHeapSize                              = 2118123520                                {product} {ergonomic}
   size_t MaxNewSize                               = 1270874112                                {product} {ergonomic}
   size_t MinHeapDeltaBytes                        = 1048576                                   {product} {ergonomic}
   size_t MinHeapSize                              = 8388608                                   {product} {ergonomic}
    uintx NonNMethodCodeHeapSize                   = 5832780                                {pd product} {ergonomic}
    uintx NonProfiledCodeHeapSize                  = 122912730                              {pd product} {ergonomic}
    uintx ProfiledCodeHeapSize                     = 122912730                              {pd product} {ergonomic}
    uintx ReservedCodeCacheSize                    = 251658240                              {pd product} {ergonomic}
     bool SegmentedCodeCache                       = true                                      {product} {ergonomic}
     bool ShowCodeDetailsInExceptionMessages       = true                                   {manageable} {command line}
   size_t SoftMaxHeapSize                          = 2118123520                             {manageable} {ergonomic}
     bool UseCompressedClassPointers               = true                           {product lp64_product} {ergonomic}
     bool UseCompressedOops                        = true                           {product lp64_product} {ergonomic}
     bool UseG1GC                                  = true                                      {product} {ergonomic}
     bool UseLargePagesIndividualAllocation        = false                                  {pd product} {ergonomic}

Logging:
Log output configuration:
 #0: stdout all=warning uptime,level,tags
 #1: stderr all=off uptime,level,tags

Environment Variables:
PATH=C:/Users/ADMIN/Downloads/eclipse-dsl-2023-09-R-win32-x86_64/eclipse//plugins/org.eclipse.justj.openjdk.hotspot.jre.full.win32.x86_64_17.0.8.v20230831-1047/jre/bin/server;C:/Users/ADMIN/Downloads/eclipse-dsl-2023-09-R-win32-x86_64/eclipse//plugins/org.eclipse.justj.openjdk.hotspot.jre.full.win32.x86_64_17.0.8.v20230831-1047/jre/bin;C:\Windows\system32;C:\Windows;C:\Windows\System32\Wbem;C:\Windows\System32\WindowsPowerShell\v1.0\;C:\Windows\System32\OpenSSH\;C:\Users\ADMIN\AppData\Local\Microsoft\WindowsApps;;C:\Users\ADMIN\Downloads\eclipse-dsl-2023-09-R-win32-x86_64\eclipse;
USERNAME=ADMIN
OS=Windows_NT
PROCESSOR_IDENTIFIER=Intel64 Family 6 Model 78 Stepping 3, GenuineIntel
TMP=C:\Users\ADMIN\AppData\Local\Temp
TEMP=C:\Users\ADMIN\AppData\Local\Temp



---------------  S Y S T E M  ---------------

OS:
 Windows 10 , 64 bit Build 19041 (10.0.19041.3636)
OS uptime: 0 days 11:45 hours

CPU: total 4 (initial active 4) (2 cores per cpu, 2 threads per core) family 6 model 78 stepping 3 microcode 0xea, cx8, cmov, fxsr, ht, mmx, 3dnowpref, sse, sse2, sse3, ssse3, sse4.1, sse4.2, popcnt, lzcnt, tsc, tscinvbit, avx, avx2, aes, erms, clmul, bmi1, bmi2, rtm, adx, fma, vzeroupper, clflush, clflushopt
Processor Information for all 4 processors :
  Max Mhz: 2496, Current Mhz: 2396, Mhz Limit: 2396

Memory: 4k page, system-wide physical 8072M (820M free)
TotalPageFile size 20492M (AvailPageFile size 0M)
current process WorkingSet (physical memory assigned to process): 84M, peak: 84M
current process commit charge ("private bytes"): 221M, peak: 221M

vm_info: OpenJDK 64-Bit Server VM (17.0.8.1+1) for windows-amd64 JRE (17.0.8.1+1), built on Aug 23 2023 15:29:17 by "admin" with MS VC++ 16.7 (VS2019)

END.
