#
# There is insufficient memory for the Java Runtime Environment to continue.
# Native memory allocation (mmap) failed to map 65536 bytes for Failed to commit metaspace.
# Possible reasons:
#   The system is out of physical RAM or swap space
#   The process is running with CompressedOops enabled, and the Java Heap may be blocking the growth of the native heap
# Possible solutions:
#   Reduce memory load on the system
#   Increase physical memory or swap space
#   Check if swap backing store is full
#   Decrease Java heap size (-Xmx/-Xms)
#   Decrease number of Java threads
#   Decrease Java thread stack sizes (-Xss)
#   Set larger code cache with -XX:ReservedCodeCacheSize=
#   JVM is running with Unscaled Compressed Oops mode in which the Java heap is
#     placed in the first 4GB address space. The Java Heap base address is the
#     maximum limit for the native heap growth. Please use -XX:HeapBaseMinAddress
#     to set the Java Heap base and to place the Java Heap above 4GB virtual address.
# This output file may be truncated or incomplete.
#
#  Out of Memory Error (virtualSpaceNode.cpp:110), pid=46000, tid=44852
#
# JRE version: OpenJDK Runtime Environment Temurin-17.0.8.1+1 (17.0.8.1+1) (build 17.0.8.1+1)
# Java VM: OpenJDK 64-Bit Server VM Temurin-17.0.8.1+1 (17.0.8.1+1, mixed mode, tiered, compressed oops, compressed class ptrs, g1 gc, windows-amd64)
# No core dump will be written. Minidumps are not enabled by default on client versions of Windows
#

---------------  S U M M A R Y ------------

Command Line: -Dfile.encoding=UTF-8 -Dstdout.encoding=UTF-8 -Dstderr.encoding=UTF-8 -XX:+ShowCodeDetailsInExceptionMessages Select_class.class_001

Host: Intel(R) Core(TM) i5-6300U CPU @ 2.40GHz, 4 cores, 7G,  Windows 10 , 64 bit Build 19041 (10.0.19041.3636)
Time: Mon Jun  3 23:16:47 2024 India Standard Time elapsed time: 5.185907 seconds (0d 0h 0m 5s)

---------------  T H R E A D  ---------------

Current thread (0x00000135f7dd3950):  JavaThread "JdkHttpClient-0-0" daemon [_thread_in_vm, id=44852, stack(0x000000150f800000,0x000000150f900000)]

Stack: [0x000000150f800000,0x000000150f900000]
Native frames: (J=compiled Java code, j=interpreted, Vv=VM code, C=native code)
V  [jvm.dll+0x678b0a]
V  [jvm.dll+0x835e84]
V  [jvm.dll+0x83762e]
V  [jvm.dll+0x837c93]
V  [jvm.dll+0x24746f]
V  [jvm.dll+0x831f1b]
V  [jvm.dll+0x61d3c6]
V  [jvm.dll+0x1c1aae]
V  [jvm.dll+0x61fd21]
V  [jvm.dll+0x61dd66]
V  [jvm.dll+0x36dea2]
V  [jvm.dll+0x1e35ab]
V  [jvm.dll+0x53fbc9]
V  [jvm.dll+0x7b1278]
V  [jvm.dll+0x7b1364]
V  [jvm.dll+0x40ecc5]
V  [jvm.dll+0x414e18]
C  [java.dll+0x17ec]

Java frames: (J=compiled Java code, j=interpreted, Vv=VM code)
J 855  java.lang.ClassLoader.defineClass1(Ljava/lang/ClassLoader;Ljava/lang/String;[BIILjava/security/ProtectionDomain;Ljava/lang/String;)Ljava/lang/Class; java.base@17.0.8.1 (0 bytes) @ 0x00000135e4085a5b [0x00000135e40859a0+0x00000000000000bb]
J 1408 c1 java.lang.ClassLoader.defineClass(Ljava/lang/String;[BIILjava/security/ProtectionDomain;)Ljava/lang/Class; java.base@17.0.8.1 (43 bytes) @ 0x00000135dc7d17c4 [0x00000135dc7d1480+0x0000000000000344]
j  java.lang.ClassLoader.defineClass(Ljava/lang/String;Ljava/nio/ByteBuffer;Ljava/security/ProtectionDomain;)Ljava/lang/Class;+38 java.base@17.0.8.1
j  java.security.SecureClassLoader.defineClass(Ljava/lang/String;Ljava/nio/ByteBuffer;Ljava/security/CodeSource;)Ljava/lang/Class;+8 java.base@17.0.8.1
j  jdk.internal.loader.BuiltinClassLoader.defineClass(Ljava/lang/String;Ljdk/internal/loader/BuiltinClassLoader$LoadedModule;)Ljava/lang/Class;+127 java.base@17.0.8.1
J 433 c1 jdk.internal.loader.BuiltinClassLoader.loadClassOrNull(Ljava/lang/String;Z)Ljava/lang/Class; java.base@17.0.8.1 (143 bytes) @ 0x00000135dc60c12c [0x00000135dc60bb40+0x00000000000005ec]
J 608 c1 jdk.internal.loader.BuiltinClassLoader.loadClass(Ljava/lang/String;Z)Ljava/lang/Class; java.base@17.0.8.1 (22 bytes) @ 0x00000135dc65c6c4 [0x00000135dc65c5c0+0x0000000000000104]
J 607 c1 java.lang.ClassLoader.loadClass(Ljava/lang/String;)Ljava/lang/Class; java.base@17.0.8.1 (7 bytes) @ 0x00000135dc65c2bc [0x00000135dc65c1c0+0x00000000000000fc]
v  ~StubRoutines::call_stub
j  jdk.internal.net.http.PlainHttpConnection.connectAsync(Ljdk/internal/net/http/Exchange;)Ljava/util/concurrent/CompletableFuture;+286 java.net.http@17.0.8.1
j  jdk.internal.net.http.Http1Exchange.sendHeadersAsync()Ljava/util/concurrent/CompletableFuture;+122 java.net.http@17.0.8.1
j  jdk.internal.net.http.Exchange.lambda$responseAsyncImpl0$9(Ljava/util/function/Function;Ljdk/internal/net/http/ExchangeImpl;)Ljava/util/concurrent/CompletableFuture;+1 java.net.http@17.0.8.1
j  jdk.internal.net.http.Exchange$$Lambda$294+0x00000001001ae248.apply(Ljava/lang/Object;)Ljava/lang/Object;+12 java.net.http@17.0.8.1
j  jdk.internal.net.http.Exchange.checkFor407(Ljdk/internal/net/http/ExchangeImpl;Ljava/lang/Throwable;Ljava/util/function/Function;)Ljava/util/concurrent/CompletableFuture;+172 java.net.http@17.0.8.1
j  jdk.internal.net.http.Exchange.lambda$responseAsyncImpl0$10(Ljava/util/function/Function;Ljdk/internal/net/http/ExchangeImpl;Ljava/lang/Throwable;)Ljava/util/concurrent/CompletableFuture;+4 java.net.http@17.0.8.1
j  jdk.internal.net.http.Exchange$$Lambda$320+0x00000001001be470.apply(Ljava/lang/Object;Ljava/lang/Object;)Ljava/lang/Object;+16 java.net.http@17.0.8.1
j  java.util.concurrent.CompletableFuture.uniHandle(Ljava/lang/Object;Ljava/util/function/BiFunction;Ljava/util/concurrent/CompletableFuture$UniHandle;)Z+58 java.base@17.0.8.1
j  java.util.concurrent.CompletableFuture.uniHandleStage(Ljava/util/concurrent/Executor;Ljava/util/function/BiFunction;)Ljava/util/concurrent/CompletableFuture;+54 java.base@17.0.8.1
j  java.util.concurrent.CompletableFuture.handle(Ljava/util/function/BiFunction;)Ljava/util/concurrent/CompletableFuture;+3 java.base@17.0.8.1
j  jdk.internal.net.http.Exchange.responseAsyncImpl0(Ljdk/internal/net/http/HttpConnection;)Ljava/util/concurrent/CompletableFuture;+75 java.net.http@17.0.8.1
j  jdk.internal.net.http.Exchange.responseAsyncImpl(Ljdk/internal/net/http/HttpConnection;)Ljava/util/concurrent/CompletableFuture;+16 java.net.http@17.0.8.1
j  jdk.internal.net.http.Exchange.responseAsync()Ljava/util/concurrent/CompletableFuture;+2 java.net.http@17.0.8.1
j  jdk.internal.net.http.MultiExchange.responseAsyncImpl()Ljava/util/concurrent/CompletableFuture;+100 java.net.http@17.0.8.1
j  jdk.internal.net.http.MultiExchange.lambda$responseAsync0$2(Ljava/lang/Void;)Ljava/util/concurrent/CompletionStage;+1 java.net.http@17.0.8.1
j  jdk.internal.net.http.MultiExchange$$Lambda$286+0x00000001001acc80.apply(Ljava/lang/Object;)Ljava/lang/Object;+8 java.net.http@17.0.8.1
j  java.util.concurrent.CompletableFuture$UniCompose.tryFire(I)Ljava/util/concurrent/CompletableFuture;+105 java.base@17.0.8.1
j  java.util.concurrent.CompletableFuture.postComplete()V+76 java.base@17.0.8.1
j  java.util.concurrent.CompletableFuture$AsyncSupply.run()V+57 java.base@17.0.8.1
j  java.util.concurrent.ThreadPoolExecutor.runWorker(Ljava/util/concurrent/ThreadPoolExecutor$Worker;)V+92 java.base@17.0.8.1
j  java.util.concurrent.ThreadPoolExecutor$Worker.run()V+5 java.base@17.0.8.1
j  java.lang.Thread.run()V+11 java.base@17.0.8.1
v  ~StubRoutines::call_stub

---------------  P R O C E S S  ---------------

Threads class SMR info:
_java_thread_list=0x00000135f7cfe830, length=20, elements={
0x00000135d8eaa5f0, 0x00000135f25d3740, 0x00000135f257aa10, 0x00000135f25bbea0,
0x00000135f25bc970, 0x00000135f25bd340, 0x00000135f25bdc10, 0x00000135f25be810,
0x00000135f2655670, 0x00000135f2658340, 0x00000135f2752aa0, 0x00000135f27742d0,
0x00000135f7837b40, 0x00000135f7cec340, 0x00000135f7d12d00, 0x00000135f7ceaec0,
0x00000135f7ceb3a0, 0x00000135f7dd2000, 0x00000135f7dd4370, 0x00000135f7dd3950
}

Java Threads: ( => current thread )
  0x00000135d8eaa5f0 JavaThread "Forwarding newSession on session null to remote" [_thread_blocked, id=46068, stack(0x000000150d900000,0x000000150da00000)]
  0x00000135f25d3740 JavaThread "Reference Handler" daemon [_thread_blocked, id=45072, stack(0x000000150e000000,0x000000150e100000)]
  0x00000135f257aa10 JavaThread "Finalizer" daemon [_thread_blocked, id=4444, stack(0x000000150e100000,0x000000150e200000)]
  0x00000135f25bbea0 JavaThread "Signal Dispatcher" daemon [_thread_blocked, id=35100, stack(0x000000150e200000,0x000000150e300000)]
  0x00000135f25bc970 JavaThread "Attach Listener" daemon [_thread_blocked, id=18912, stack(0x000000150e300000,0x000000150e400000)]
  0x00000135f25bd340 JavaThread "Service Thread" daemon [_thread_blocked, id=17204, stack(0x000000150e400000,0x000000150e500000)]
  0x00000135f25bdc10 JavaThread "Monitor Deflation Thread" daemon [_thread_blocked, id=45004, stack(0x000000150e500000,0x000000150e600000)]
  0x00000135f25be810 JavaThread "C2 CompilerThread0" daemon [_thread_blocked, id=45156, stack(0x000000150e600000,0x000000150e700000)]
  0x00000135f2655670 JavaThread "C1 CompilerThread0" daemon [_thread_blocked, id=40024, stack(0x000000150e700000,0x000000150e800000)]
  0x00000135f2658340 JavaThread "Sweeper thread" daemon [_thread_blocked, id=38344, stack(0x000000150e800000,0x000000150e900000)]
  0x00000135f2752aa0 JavaThread "Notification Thread" daemon [_thread_blocked, id=42564, stack(0x000000150e900000,0x000000150ea00000)]
  0x00000135f27742d0 JavaThread "Common-Cleaner" daemon [_thread_blocked, id=18748, stack(0x000000150eb00000,0x000000150ec00000)]
  0x00000135f7837b40 JavaThread "ForkJoinPool.commonPool-worker-1" daemon [_thread_blocked, id=35988, stack(0x000000150ed00000,0x000000150ee00000)]
  0x00000135f7cec340 JavaThread "HttpClient-1-SelectorManager" daemon [_thread_in_vm, id=44864, stack(0x000000150ec00000,0x000000150ed00000)]
  0x00000135f7d12d00 JavaThread "External Process Output Forwarder - C:\Users\ADMIN\.cache\selenium\msedgedriver\win64\125.0.2535.79\msedgedriver.exe" daemon [_thread_in_native, id=10532, stack(0x000000150f200000,0x000000150f300000)]
  0x00000135f7ceaec0 JavaThread "Driver Service Executor" daemon [_thread_blocked, id=28424, stack(0x000000150f300000,0x000000150f400000)]
  0x00000135f7ceb3a0 JavaThread "Driver Service Executor" daemon [_thread_in_native, id=45488, stack(0x000000150f400000,0x000000150f500000)]
  0x00000135f7dd2000 JavaThread "UrlChecker-2" daemon [_thread_blocked, id=45448, stack(0x000000150f500000,0x000000150f600000)]
  0x00000135f7dd4370 JavaThread "Keep-Alive-Timer" daemon [_thread_blocked, id=14168, stack(0x000000150f700000,0x000000150f800000)]
=>0x00000135f7dd3950 JavaThread "JdkHttpClient-0-0" daemon [_thread_in_vm, id=44852, stack(0x000000150f800000,0x000000150f900000)]

Other Threads:
  0x00000135f2548220 VMThread "VM Thread" [stack: 0x000000150df00000,0x000000150e000000] [id=45116]
  0x00000135f27557a0 WatcherThread [stack: 0x000000150ea00000,0x000000150eb00000] [id=44268]
  0x00000135d8f02f50 GCTaskThread "GC Thread#0" [stack: 0x000000150da00000,0x000000150db00000] [id=46076]
  0x00000135f7bfea50 GCTaskThread "GC Thread#1" [stack: 0x000000150ee00000,0x000000150ef00000] [id=36084]
  0x00000135f7affe60 GCTaskThread "GC Thread#2" [stack: 0x000000150ef00000,0x000000150f000000] [id=39060]
  0x00000135f78d1030 GCTaskThread "GC Thread#3" [stack: 0x000000150f000000,0x000000150f100000] [id=12608]
  0x00000135d8f14a40 ConcurrentGCThread "G1 Main Marker" [stack: 0x000000150db00000,0x000000150dc00000] [id=38660]
  0x00000135d8f15360 ConcurrentGCThread "G1 Conc#0" [stack: 0x000000150dc00000,0x000000150dd00000] [id=44232]
  0x00000135d8f58f40 ConcurrentGCThread "G1 Refine#0" [stack: 0x000000150dd00000,0x000000150de00000] [id=45120]
  0x00000135f75d20c0 ConcurrentGCThread "G1 Refine#1" [stack: 0x000000150f100000,0x000000150f200000] [id=18316]
  0x00000135d8f599c0 ConcurrentGCThread "G1 Service" [stack: 0x000000150de00000,0x000000150df00000] [id=45104]

Threads with active compile tasks:

VM state: not at safepoint (normal execution)

VM Mutex/Monitor currently owned by a thread:  ([mutex/lock_event])
[0x00000135d8ea6af0] Metaspace_lock - owner thread: 0x00000135f7dd3950

Heap address: 0x0000000081c00000, size: 2020 MB, Compressed Oops mode: 32-bit

CDS archive(s) not mapped
Compressed class space mapped at: 0x0000000100000000-0x0000000140000000, reserved size: 1073741824
Narrow klass base: 0x0000000000000000, Narrow klass shift: 3, Narrow klass range: 0x140000000

GC Precious Log:
 CPUs: 4 total, 4 available
 Memory: 8072M
 Large Page Support: Disabled
 NUMA Support: Disabled
 Compressed Oops: Enabled (32-bit)
 Heap Region Size: 1M
 Heap Min Capacity: 8M
 Heap Initial Capacity: 128M
 Heap Max Capacity: 2020M
 Pre-touch: Disabled
 Parallel Workers: 4
 Concurrent Workers: 1
 Concurrent Refinement Workers: 4
 Periodic GC: Disabled

Heap:
 garbage-first heap   total 131072K, used 10424K [0x0000000081c00000, 0x0000000100000000)
  region size 1024K, 7 young (7168K), 2 survivors (2048K)
 Metaspace       used 18570K, committed 18816K, reserved 1114112K
  class space    used 1947K, committed 2048K, reserved 1048576K

Heap Regions: E=young(eden), S=young(survivor), O=old, HS=humongous(starts), HC=humongous(continues), CS=collection set, F=free, OA=open archive, CA=closed archive, TAMS=top-at-mark-start (previous, next)
|   0|0x0000000081c00000, 0x0000000081d00000, 0x0000000081d00000|100%| O|  |TAMS 0x0000000081c00000, 0x0000000081c00000| Untracked 
|   1|0x0000000081d00000, 0x0000000081e00000, 0x0000000081e00000|100%| O|  |TAMS 0x0000000081d00000, 0x0000000081d00000| Untracked 
|   2|0x0000000081e00000, 0x0000000081f00000, 0x0000000081f00000|100%| O|  |TAMS 0x0000000081e00000, 0x0000000081e00000| Untracked 
|   3|0x0000000081f00000, 0x0000000082000000, 0x0000000082000000|100%| O|  |TAMS 0x0000000081f00000, 0x0000000081f00000| Untracked 
|   4|0x0000000082000000, 0x0000000082049e00, 0x0000000082100000| 28%| O|  |TAMS 0x0000000082000000, 0x0000000082000000| Untracked 
|   5|0x0000000082100000, 0x0000000082100000, 0x0000000082200000|  0%| F|  |TAMS 0x0000000082100000, 0x0000000082100000| Untracked 
|   6|0x0000000082200000, 0x0000000082200000, 0x0000000082300000|  0%| F|  |TAMS 0x0000000082200000, 0x0000000082200000| Untracked 
|   7|0x0000000082300000, 0x0000000082300000, 0x0000000082400000|  0%| F|  |TAMS 0x0000000082300000, 0x0000000082300000| Untracked 
|   8|0x0000000082400000, 0x0000000082400000, 0x0000000082500000|  0%| F|  |TAMS 0x0000000082400000, 0x0000000082400000| Untracked 
|   9|0x0000000082500000, 0x0000000082500000, 0x0000000082600000|  0%| F|  |TAMS 0x0000000082500000, 0x0000000082500000| Untracked 
|  10|0x0000000082600000, 0x0000000082600000, 0x0000000082700000|  0%| F|  |TAMS 0x0000000082600000, 0x0000000082600000| Untracked 
|  11|0x0000000082700000, 0x0000000082700000, 0x0000000082800000|  0%| F|  |TAMS 0x0000000082700000, 0x0000000082700000| Untracked 
|  12|0x0000000082800000, 0x0000000082800000, 0x0000000082900000|  0%| F|  |TAMS 0x0000000082800000, 0x0000000082800000| Untracked 
|  13|0x0000000082900000, 0x0000000082900000, 0x0000000082a00000|  0%| F|  |TAMS 0x0000000082900000, 0x0000000082900000| Untracked 
|  14|0x0000000082a00000, 0x0000000082a00000, 0x0000000082b00000|  0%| F|  |TAMS 0x0000000082a00000, 0x0000000082a00000| Untracked 
|  15|0x0000000082b00000, 0x0000000082b00000, 0x0000000082c00000|  0%| F|  |TAMS 0x0000000082b00000, 0x0000000082b00000| Untracked 
|  16|0x0000000082c00000, 0x0000000082c00000, 0x0000000082d00000|  0%| F|  |TAMS 0x0000000082c00000, 0x0000000082c00000| Untracked 
|  17|0x0000000082d00000, 0x0000000082d00000, 0x0000000082e00000|  0%| F|  |TAMS 0x0000000082d00000, 0x0000000082d00000| Untracked 
|  18|0x0000000082e00000, 0x0000000082e00000, 0x0000000082f00000|  0%| F|  |TAMS 0x0000000082e00000, 0x0000000082e00000| Untracked 
|  19|0x0000000082f00000, 0x0000000082f00000, 0x0000000083000000|  0%| F|  |TAMS 0x0000000082f00000, 0x0000000082f00000| Untracked 
|  20|0x0000000083000000, 0x0000000083000000, 0x0000000083100000|  0%| F|  |TAMS 0x0000000083000000, 0x0000000083000000| Untracked 
|  21|0x0000000083100000, 0x0000000083100000, 0x0000000083200000|  0%| F|  |TAMS 0x0000000083100000, 0x0000000083100000| Untracked 
|  22|0x0000000083200000, 0x0000000083200000, 0x0000000083300000|  0%| F|  |TAMS 0x0000000083200000, 0x0000000083200000| Untracked 
|  23|0x0000000083300000, 0x0000000083300000, 0x0000000083400000|  0%| F|  |TAMS 0x0000000083300000, 0x0000000083300000| Untracked 
|  24|0x0000000083400000, 0x0000000083400000, 0x0000000083500000|  0%| F|  |TAMS 0x0000000083400000, 0x0000000083400000| Untracked 
|  25|0x0000000083500000, 0x0000000083500000, 0x0000000083600000|  0%| F|  |TAMS 0x0000000083500000, 0x0000000083500000| Untracked 
|  26|0x0000000083600000, 0x0000000083600000, 0x0000000083700000|  0%| F|  |TAMS 0x0000000083600000, 0x0000000083600000| Untracked 
|  27|0x0000000083700000, 0x0000000083700000, 0x0000000083800000|  0%| F|  |TAMS 0x0000000083700000, 0x0000000083700000| Untracked 
|  28|0x0000000083800000, 0x0000000083800000, 0x0000000083900000|  0%| F|  |TAMS 0x0000000083800000, 0x0000000083800000| Untracked 
|  29|0x0000000083900000, 0x0000000083900000, 0x0000000083a00000|  0%| F|  |TAMS 0x0000000083900000, 0x0000000083900000| Untracked 
|  30|0x0000000083a00000, 0x0000000083a00000, 0x0000000083b00000|  0%| F|  |TAMS 0x0000000083a00000, 0x0000000083a00000| Untracked 
|  31|0x0000000083b00000, 0x0000000083b00000, 0x0000000083c00000|  0%| F|  |TAMS 0x0000000083b00000, 0x0000000083b00000| Untracked 
|  32|0x0000000083c00000, 0x0000000083c00000, 0x0000000083d00000|  0%| F|  |TAMS 0x0000000083c00000, 0x0000000083c00000| Untracked 
|  33|0x0000000083d00000, 0x0000000083d00000, 0x0000000083e00000|  0%| F|  |TAMS 0x0000000083d00000, 0x0000000083d00000| Untracked 
|  34|0x0000000083e00000, 0x0000000083e00000, 0x0000000083f00000|  0%| F|  |TAMS 0x0000000083e00000, 0x0000000083e00000| Untracked 
|  35|0x0000000083f00000, 0x0000000083f00000, 0x0000000084000000|  0%| F|  |TAMS 0x0000000083f00000, 0x0000000083f00000| Untracked 
|  36|0x0000000084000000, 0x0000000084000000, 0x0000000084100000|  0%| F|  |TAMS 0x0000000084000000, 0x0000000084000000| Untracked 
|  37|0x0000000084100000, 0x0000000084100000, 0x0000000084200000|  0%| F|  |TAMS 0x0000000084100000, 0x0000000084100000| Untracked 
|  38|0x0000000084200000, 0x0000000084200000, 0x0000000084300000|  0%| F|  |TAMS 0x0000000084200000, 0x0000000084200000| Untracked 
|  39|0x0000000084300000, 0x0000000084300000, 0x0000000084400000|  0%| F|  |TAMS 0x0000000084300000, 0x0000000084300000| Untracked 
|  40|0x0000000084400000, 0x0000000084400000, 0x0000000084500000|  0%| F|  |TAMS 0x0000000084400000, 0x0000000084400000| Untracked 
|  41|0x0000000084500000, 0x0000000084500000, 0x0000000084600000|  0%| F|  |TAMS 0x0000000084500000, 0x0000000084500000| Untracked 
|  42|0x0000000084600000, 0x0000000084600000, 0x0000000084700000|  0%| F|  |TAMS 0x0000000084600000, 0x0000000084600000| Untracked 
|  43|0x0000000084700000, 0x0000000084700000, 0x0000000084800000|  0%| F|  |TAMS 0x0000000084700000, 0x0000000084700000| Untracked 
|  44|0x0000000084800000, 0x0000000084800000, 0x0000000084900000|  0%| F|  |TAMS 0x0000000084800000, 0x0000000084800000| Untracked 
|  45|0x0000000084900000, 0x0000000084900000, 0x0000000084a00000|  0%| F|  |TAMS 0x0000000084900000, 0x0000000084900000| Untracked 
|  46|0x0000000084a00000, 0x0000000084a00000, 0x0000000084b00000|  0%| F|  |TAMS 0x0000000084a00000, 0x0000000084a00000| Untracked 
|  47|0x0000000084b00000, 0x0000000084b00000, 0x0000000084c00000|  0%| F|  |TAMS 0x0000000084b00000, 0x0000000084b00000| Untracked 
|  48|0x0000000084c00000, 0x0000000084c00000, 0x0000000084d00000|  0%| F|  |TAMS 0x0000000084c00000, 0x0000000084c00000| Untracked 
|  49|0x0000000084d00000, 0x0000000084d00000, 0x0000000084e00000|  0%| F|  |TAMS 0x0000000084d00000, 0x0000000084d00000| Untracked 
|  50|0x0000000084e00000, 0x0000000084e00000, 0x0000000084f00000|  0%| F|  |TAMS 0x0000000084e00000, 0x0000000084e00000| Untracked 
|  51|0x0000000084f00000, 0x0000000084f00000, 0x0000000085000000|  0%| F|  |TAMS 0x0000000084f00000, 0x0000000084f00000| Untracked 
|  52|0x0000000085000000, 0x0000000085000000, 0x0000000085100000|  0%| F|  |TAMS 0x0000000085000000, 0x0000000085000000| Untracked 
|  53|0x0000000085100000, 0x0000000085100000, 0x0000000085200000|  0%| F|  |TAMS 0x0000000085100000, 0x0000000085100000| Untracked 
|  54|0x0000000085200000, 0x0000000085200000, 0x0000000085300000|  0%| F|  |TAMS 0x0000000085200000, 0x0000000085200000| Untracked 
|  55|0x0000000085300000, 0x0000000085300000, 0x0000000085400000|  0%| F|  |TAMS 0x0000000085300000, 0x0000000085300000| Untracked 
|  56|0x0000000085400000, 0x0000000085400000, 0x0000000085500000|  0%| F|  |TAMS 0x0000000085400000, 0x0000000085400000| Untracked 
|  57|0x0000000085500000, 0x0000000085500000, 0x0000000085600000|  0%| F|  |TAMS 0x0000000085500000, 0x0000000085500000| Untracked 
|  58|0x0000000085600000, 0x0000000085600000, 0x0000000085700000|  0%| F|  |TAMS 0x0000000085600000, 0x0000000085600000| Untracked 
|  59|0x0000000085700000, 0x0000000085700000, 0x0000000085800000|  0%| F|  |TAMS 0x0000000085700000, 0x0000000085700000| Untracked 
|  60|0x0000000085800000, 0x0000000085800000, 0x0000000085900000|  0%| F|  |TAMS 0x0000000085800000, 0x0000000085800000| Untracked 
|  61|0x0000000085900000, 0x0000000085900000, 0x0000000085a00000|  0%| F|  |TAMS 0x0000000085900000, 0x0000000085900000| Untracked 
|  62|0x0000000085a00000, 0x0000000085a00000, 0x0000000085b00000|  0%| F|  |TAMS 0x0000000085a00000, 0x0000000085a00000| Untracked 
|  63|0x0000000085b00000, 0x0000000085b00000, 0x0000000085c00000|  0%| F|  |TAMS 0x0000000085b00000, 0x0000000085b00000| Untracked 
|  64|0x0000000085c00000, 0x0000000085c00000, 0x0000000085d00000|  0%| F|  |TAMS 0x0000000085c00000, 0x0000000085c00000| Untracked 
|  65|0x0000000085d00000, 0x0000000085d00000, 0x0000000085e00000|  0%| F|  |TAMS 0x0000000085d00000, 0x0000000085d00000| Untracked 
|  66|0x0000000085e00000, 0x0000000085e00000, 0x0000000085f00000|  0%| F|  |TAMS 0x0000000085e00000, 0x0000000085e00000| Untracked 
|  67|0x0000000085f00000, 0x0000000085f00000, 0x0000000086000000|  0%| F|  |TAMS 0x0000000085f00000, 0x0000000085f00000| Untracked 
|  68|0x0000000086000000, 0x0000000086000000, 0x0000000086100000|  0%| F|  |TAMS 0x0000000086000000, 0x0000000086000000| Untracked 
|  69|0x0000000086100000, 0x0000000086100000, 0x0000000086200000|  0%| F|  |TAMS 0x0000000086100000, 0x0000000086100000| Untracked 
|  70|0x0000000086200000, 0x0000000086200000, 0x0000000086300000|  0%| F|  |TAMS 0x0000000086200000, 0x0000000086200000| Untracked 
|  71|0x0000000086300000, 0x0000000086300000, 0x0000000086400000|  0%| F|  |TAMS 0x0000000086300000, 0x0000000086300000| Untracked 
|  72|0x0000000086400000, 0x0000000086400000, 0x0000000086500000|  0%| F|  |TAMS 0x0000000086400000, 0x0000000086400000| Untracked 
|  73|0x0000000086500000, 0x0000000086500000, 0x0000000086600000|  0%| F|  |TAMS 0x0000000086500000, 0x0000000086500000| Untracked 
|  74|0x0000000086600000, 0x0000000086600000, 0x0000000086700000|  0%| F|  |TAMS 0x0000000086600000, 0x0000000086600000| Untracked 
|  75|0x0000000086700000, 0x0000000086700000, 0x0000000086800000|  0%| F|  |TAMS 0x0000000086700000, 0x0000000086700000| Untracked 
|  76|0x0000000086800000, 0x0000000086800000, 0x0000000086900000|  0%| F|  |TAMS 0x0000000086800000, 0x0000000086800000| Untracked 
|  77|0x0000000086900000, 0x0000000086900000, 0x0000000086a00000|  0%| F|  |TAMS 0x0000000086900000, 0x0000000086900000| Untracked 
|  78|0x0000000086a00000, 0x0000000086a00000, 0x0000000086b00000|  0%| F|  |TAMS 0x0000000086a00000, 0x0000000086a00000| Untracked 
|  79|0x0000000086b00000, 0x0000000086b00000, 0x0000000086c00000|  0%| F|  |TAMS 0x0000000086b00000, 0x0000000086b00000| Untracked 
|  80|0x0000000086c00000, 0x0000000086c00000, 0x0000000086d00000|  0%| F|  |TAMS 0x0000000086c00000, 0x0000000086c00000| Untracked 
|  81|0x0000000086d00000, 0x0000000086d00000, 0x0000000086e00000|  0%| F|  |TAMS 0x0000000086d00000, 0x0000000086d00000| Untracked 
|  82|0x0000000086e00000, 0x0000000086e00000, 0x0000000086f00000|  0%| F|  |TAMS 0x0000000086e00000, 0x0000000086e00000| Untracked 
|  83|0x0000000086f00000, 0x0000000086f00000, 0x0000000087000000|  0%| F|  |TAMS 0x0000000086f00000, 0x0000000086f00000| Untracked 
|  84|0x0000000087000000, 0x0000000087000000, 0x0000000087100000|  0%| F|  |TAMS 0x0000000087000000, 0x0000000087000000| Untracked 
|  85|0x0000000087100000, 0x0000000087100000, 0x0000000087200000|  0%| F|  |TAMS 0x0000000087100000, 0x0000000087100000| Untracked 
|  86|0x0000000087200000, 0x0000000087200000, 0x0000000087300000|  0%| F|  |TAMS 0x0000000087200000, 0x0000000087200000| Untracked 
|  87|0x0000000087300000, 0x0000000087300000, 0x0000000087400000|  0%| F|  |TAMS 0x0000000087300000, 0x0000000087300000| Untracked 
|  88|0x0000000087400000, 0x0000000087400000, 0x0000000087500000|  0%| F|  |TAMS 0x0000000087400000, 0x0000000087400000| Untracked 
|  89|0x0000000087500000, 0x0000000087500000, 0x0000000087600000|  0%| F|  |TAMS 0x0000000087500000, 0x0000000087500000| Untracked 
|  90|0x0000000087600000, 0x0000000087600000, 0x0000000087700000|  0%| F|  |TAMS 0x0000000087600000, 0x0000000087600000| Untracked 
|  91|0x0000000087700000, 0x0000000087700000, 0x0000000087800000|  0%| F|  |TAMS 0x0000000087700000, 0x0000000087700000| Untracked 
|  92|0x0000000087800000, 0x0000000087800000, 0x0000000087900000|  0%| F|  |TAMS 0x0000000087800000, 0x0000000087800000| Untracked 
|  93|0x0000000087900000, 0x0000000087900000, 0x0000000087a00000|  0%| F|  |TAMS 0x0000000087900000, 0x0000000087900000| Untracked 
|  94|0x0000000087a00000, 0x0000000087a00000, 0x0000000087b00000|  0%| F|  |TAMS 0x0000000087a00000, 0x0000000087a00000| Untracked 
|  95|0x0000000087b00000, 0x0000000087b00000, 0x0000000087c00000|  0%| F|  |TAMS 0x0000000087b00000, 0x0000000087b00000| Untracked 
|  96|0x0000000087c00000, 0x0000000087c00000, 0x0000000087d00000|  0%| F|  |TAMS 0x0000000087c00000, 0x0000000087c00000| Untracked 
|  97|0x0000000087d00000, 0x0000000087d00000, 0x0000000087e00000|  0%| F|  |TAMS 0x0000000087d00000, 0x0000000087d00000| Untracked 
|  98|0x0000000087e00000, 0x0000000087e00000, 0x0000000087f00000|  0%| F|  |TAMS 0x0000000087e00000, 0x0000000087e00000| Untracked 
|  99|0x0000000087f00000, 0x0000000087f00000, 0x0000000088000000|  0%| F|  |TAMS 0x0000000087f00000, 0x0000000087f00000| Untracked 
| 100|0x0000000088000000, 0x0000000088000000, 0x0000000088100000|  0%| F|  |TAMS 0x0000000088000000, 0x0000000088000000| Untracked 
| 101|0x0000000088100000, 0x0000000088100000, 0x0000000088200000|  0%| F|  |TAMS 0x0000000088100000, 0x0000000088100000| Untracked 
| 102|0x0000000088200000, 0x0000000088200000, 0x0000000088300000|  0%| F|  |TAMS 0x0000000088200000, 0x0000000088200000| Untracked 
| 103|0x0000000088300000, 0x0000000088300000, 0x0000000088400000|  0%| F|  |TAMS 0x0000000088300000, 0x0000000088300000| Untracked 
| 104|0x0000000088400000, 0x0000000088400000, 0x0000000088500000|  0%| F|  |TAMS 0x0000000088400000, 0x0000000088400000| Untracked 
| 105|0x0000000088500000, 0x0000000088500000, 0x0000000088600000|  0%| F|  |TAMS 0x0000000088500000, 0x0000000088500000| Untracked 
| 106|0x0000000088600000, 0x0000000088600000, 0x0000000088700000|  0%| F|  |TAMS 0x0000000088600000, 0x0000000088600000| Untracked 
| 107|0x0000000088700000, 0x0000000088700000, 0x0000000088800000|  0%| F|  |TAMS 0x0000000088700000, 0x0000000088700000| Untracked 
| 108|0x0000000088800000, 0x0000000088800000, 0x0000000088900000|  0%| F|  |TAMS 0x0000000088800000, 0x0000000088800000| Untracked 
| 109|0x0000000088900000, 0x0000000088900000, 0x0000000088a00000|  0%| F|  |TAMS 0x0000000088900000, 0x0000000088900000| Untracked 
| 110|0x0000000088a00000, 0x0000000088a00000, 0x0000000088b00000|  0%| F|  |TAMS 0x0000000088a00000, 0x0000000088a00000| Untracked 
| 111|0x0000000088b00000, 0x0000000088b00000, 0x0000000088c00000|  0%| F|  |TAMS 0x0000000088b00000, 0x0000000088b00000| Untracked 
| 112|0x0000000088c00000, 0x0000000088c00000, 0x0000000088d00000|  0%| F|  |TAMS 0x0000000088c00000, 0x0000000088c00000| Untracked 
| 113|0x0000000088d00000, 0x0000000088d00000, 0x0000000088e00000|  0%| F|  |TAMS 0x0000000088d00000, 0x0000000088d00000| Untracked 
| 114|0x0000000088e00000, 0x0000000088e00000, 0x0000000088f00000|  0%| F|  |TAMS 0x0000000088e00000, 0x0000000088e00000| Untracked 
| 115|0x0000000088f00000, 0x0000000088fe43d8, 0x0000000089000000| 89%| S|CS|TAMS 0x0000000088f00000, 0x0000000088f00000| Complete 
| 116|0x0000000089000000, 0x0000000089100000, 0x0000000089100000|100%| S|CS|TAMS 0x0000000089000000, 0x0000000089000000| Complete 
| 117|0x0000000089100000, 0x0000000089100000, 0x0000000089200000|  0%| F|  |TAMS 0x0000000089100000, 0x0000000089100000| Untracked 
| 118|0x0000000089200000, 0x0000000089200000, 0x0000000089300000|  0%| F|  |TAMS 0x0000000089200000, 0x0000000089200000| Untracked 
| 119|0x0000000089300000, 0x0000000089300000, 0x0000000089400000|  0%| F|  |TAMS 0x0000000089300000, 0x0000000089300000| Untracked 
| 120|0x0000000089400000, 0x0000000089400000, 0x0000000089500000|  0%| F|  |TAMS 0x0000000089400000, 0x0000000089400000| Untracked 
| 121|0x0000000089500000, 0x0000000089500000, 0x0000000089600000|  0%| F|  |TAMS 0x0000000089500000, 0x0000000089500000| Untracked 
| 122|0x0000000089600000, 0x0000000089600000, 0x0000000089700000|  0%| F|  |TAMS 0x0000000089600000, 0x0000000089600000| Untracked 
| 123|0x0000000089700000, 0x0000000089800000, 0x0000000089800000|100%| E|  |TAMS 0x0000000089700000, 0x0000000089700000| Complete 
| 124|0x0000000089800000, 0x0000000089900000, 0x0000000089900000|100%| E|CS|TAMS 0x0000000089800000, 0x0000000089800000| Complete 
| 125|0x0000000089900000, 0x0000000089a00000, 0x0000000089a00000|100%| E|CS|TAMS 0x0000000089900000, 0x0000000089900000| Complete 
| 126|0x0000000089a00000, 0x0000000089b00000, 0x0000000089b00000|100%| E|CS|TAMS 0x0000000089a00000, 0x0000000089a00000| Complete 
| 127|0x0000000089b00000, 0x0000000089c00000, 0x0000000089c00000|100%| E|CS|TAMS 0x0000000089b00000, 0x0000000089b00000| Complete 

Card table byte_map: [0x00000135eb960000,0x00000135ebd60000] _byte_map_base: 0x00000135eb552000

Marking Bits (Prev, Next): (CMBitMap*) 0x00000135d8f04490, (CMBitMap*) 0x00000135d8f044d0
 Prev Bits: [0x00000135ec160000, 0x00000135ee0f0000)
 Next Bits: [0x00000135ee0f0000, 0x00000135f0080000)

Polling page: 0x00000135d6de0000

Metaspace:

Usage:
  Non-class:     16.23 MB used.
      Class:      1.90 MB used.
       Both:     18.14 MB used.

Virtual space:
  Non-class space:       64.00 MB reserved,      16.38 MB ( 26%) committed,  1 nodes.
      Class space:        1.00 GB reserved,       2.00 MB ( <1%) committed,  1 nodes.
             Both:        1.06 GB reserved,      18.38 MB (  2%) committed. 

Chunk freelists:
   Non-Class:  15.55 MB
       Class:  13.98 MB
        Both:  29.53 MB

MaxMetaspaceSize: unlimited
CompressedClassSpaceSize: 1.00 GB
Initial GC threshold: 21.00 MB
Current GC threshold: 21.00 MB
CDS: off
MetaspaceReclaimPolicy: balanced
 - commit_granule_bytes: 65536.
 - commit_granule_words: 8192.
 - virtual_space_node_default_size: 8388608.
 - enlarge_chunks_in_place: 1.
 - new_chunks_are_fully_committed: 0.
 - uncommit_free_chunks: 1.
 - use_allocation_guard: 0.
 - handle_deallocations: 1.


Internal statistics:

num_allocs_failed_limit: 0.
num_arena_births: 198.
num_arena_deaths: 0.
num_vsnodes_births: 2.
num_vsnodes_deaths: 0.
num_space_committed: 294.
num_space_uncommitted: 0.
num_chunks_returned_to_freelist: 0.
num_chunks_taken_from_freelist: 424.
num_chunk_merges: 0.
num_chunk_splits: 228.
num_chunks_enlarged: 138.
num_inconsistent_stats: 0.

CodeHeap 'non-profiled nmethods': size=120000Kb used=548Kb max_used=548Kb free=119451Kb
 bounds [0x00000135e4030000, 0x00000135e42a0000, 0x00000135eb560000]
CodeHeap 'profiled nmethods': size=120000Kb used=2716Kb max_used=2716Kb free=117283Kb
 bounds [0x00000135dc560000, 0x00000135dc810000, 0x00000135e3a90000]
CodeHeap 'non-nmethods': size=5760Kb used=1195Kb max_used=1216Kb free=4564Kb
 bounds [0x00000135e3a90000, 0x00000135e3d00000, 0x00000135e4030000]
 total_blobs=2038 nmethods=1540 adapters=411
 compilation: enabled
              stopped_count=0, restarted_count=0
 full_count=0

Compilation events (20 events):
Event: 5.172 Thread 0x00000135f2655670 1531   !   3       jdk.internal.misc.ScopedMemoryAccess::getLongUnaligned (22 bytes)
Event: 5.172 Thread 0x00000135f2655670 nmethod 1531 0x00000135dc801790 code [0x00000135dc801980, 0x00000135dc801f48]
Event: 5.172 Thread 0x00000135f2655670 1532   !   3       jdk.internal.misc.ScopedMemoryAccess::getLongUnalignedInternal (38 bytes)
Event: 5.173 Thread 0x00000135f2655670 nmethod 1532 0x00000135dc802210 code [0x00000135dc8023e0, 0x00000135dc802758]
Event: 5.173 Thread 0x00000135f2655670 1533       3       jdk.internal.misc.Unsafe::getLongUnaligned (12 bytes)
Event: 5.173 Thread 0x00000135f2655670 nmethod 1533 0x00000135dc802910 code [0x00000135dc802ac0, 0x00000135dc802ca8]
Event: 5.173 Thread 0x00000135f2655670 1534       3       jdk.internal.misc.Unsafe::convEndian (16 bytes)
Event: 5.173 Thread 0x00000135f2655670 nmethod 1534 0x00000135dc802d90 code [0x00000135dc802f40, 0x00000135dc8030a8]
Event: 5.174 Thread 0x00000135f2655670 1535       2       jdk.internal.misc.Unsafe::allocateUninitializedArray (55 bytes)
Event: 5.174 Thread 0x00000135f2655670 nmethod 1535 0x00000135dc803190 code [0x00000135dc803360, 0x00000135dc8036b8]
Event: 5.179 Thread 0x00000135f2655670 1536       3       java.lang.invoke.MethodHandles$Lookup::resolveOrFail (44 bytes)
Event: 5.180 Thread 0x00000135f2655670 nmethod 1536 0x00000135dc803890 code [0x00000135dc803b40, 0x00000135dc8047e8]
Event: 5.180 Thread 0x00000135f2655670 1537       3       java.lang.invoke.MethodHandles$Lookup::getDirectMethodForConstant (72 bytes)
Event: 5.182 Thread 0x00000135f2655670 nmethod 1537 0x00000135dc804c10 code [0x00000135dc804f60, 0x00000135dc806248]
Event: 5.182 Thread 0x00000135f2655670 1539       3       jdk.internal.org.objectweb.asm.MethodVisitor::visitInsn (16 bytes)
Event: 5.182 Thread 0x00000135f2655670 nmethod 1539 0x00000135dc806890 code [0x00000135dc806a40, 0x00000135dc806c48]
Event: 5.182 Thread 0x00000135f2655670 1538       1       java.util.concurrent.locks.AbstractQueuedSynchronizer::getState (5 bytes)
Event: 5.182 Thread 0x00000135f2655670 nmethod 1538 0x00000135e40b8010 code [0x00000135e40b81a0, 0x00000135e40b8278]
Event: 5.184 Thread 0x00000135f2655670 1540       3       java.nio.Buffer::remaining (20 bytes)
Event: 5.184 Thread 0x00000135f2655670 nmethod 1540 0x00000135dc806d10 code [0x00000135dc806ea0, 0x00000135dc807038]

GC Heap History (4 events):
Event: 2.443 GC heap before
{Heap before GC invocations=0 (full 0):
 garbage-first heap   total 131072K, used 13312K [0x0000000081c00000, 0x0000000100000000)
  region size 1024K, 13 young (13312K), 0 survivors (0K)
 Metaspace       used 12008K, committed 12160K, reserved 1114112K
  class space    used 1202K, committed 1280K, reserved 1048576K
}
Event: 2.478 GC heap after
{Heap after GC invocations=1 (full 0):
 garbage-first heap   total 131072K, used 4627K [0x0000000081c00000, 0x0000000100000000)
  region size 1024K, 2 young (2048K), 2 survivors (2048K)
 Metaspace       used 12008K, committed 12160K, reserved 1114112K
  class space    used 1202K, committed 1280K, reserved 1048576K
}
Event: 4.967 GC heap before
{Heap before GC invocations=1 (full 0):
 garbage-first heap   total 131072K, used 15891K [0x0000000081c00000, 0x0000000100000000)
  region size 1024K, 13 young (13312K), 2 survivors (2048K)
 Metaspace       used 17368K, committed 17600K, reserved 1114112K
  class space    used 1788K, committed 1856K, reserved 1048576K
}
Event: 4.972 GC heap after
{Heap after GC invocations=2 (full 0):
 garbage-first heap   total 131072K, used 6328K [0x0000000081c00000, 0x0000000100000000)
  region size 1024K, 2 young (2048K), 2 survivors (2048K)
 Metaspace       used 17368K, committed 17600K, reserved 1114112K
  class space    used 1788K, committed 1856K, reserved 1048576K
}

Dll operation events (6 events):
Event: 0.030 Loaded shared library C:\Users\ADMIN\Downloads\eclipse-dsl-2023-09-R-win32-x86_64\eclipse\plugins\org.eclipse.justj.openjdk.hotspot.jre.full.win32.x86_64_17.0.8.v20230831-1047\jre\bin\java.dll
Event: 0.499 Loaded shared library C:\Users\ADMIN\Downloads\eclipse-dsl-2023-09-R-win32-x86_64\eclipse\plugins\org.eclipse.justj.openjdk.hotspot.jre.full.win32.x86_64_17.0.8.v20230831-1047\jre\bin\net.dll
Event: 0.502 Loaded shared library C:\Users\ADMIN\Downloads\eclipse-dsl-2023-09-R-win32-x86_64\eclipse\plugins\org.eclipse.justj.openjdk.hotspot.jre.full.win32.x86_64_17.0.8.v20230831-1047\jre\bin\nio.dll
Event: 0.524 Loaded shared library C:\Users\ADMIN\Downloads\eclipse-dsl-2023-09-R-win32-x86_64\eclipse\plugins\org.eclipse.justj.openjdk.hotspot.jre.full.win32.x86_64_17.0.8.v20230831-1047\jre\bin\zip.dll
Event: 0.850 Loaded shared library C:\Users\ADMIN\Downloads\eclipse-dsl-2023-09-R-win32-x86_64\eclipse\plugins\org.eclipse.justj.openjdk.hotspot.jre.full.win32.x86_64_17.0.8.v20230831-1047\jre\bin\jimage.dll
Event: 2.411 Loaded shared library C:\Users\ADMIN\Downloads\eclipse-dsl-2023-09-R-win32-x86_64\eclipse\plugins\org.eclipse.justj.openjdk.hotspot.jre.full.win32.x86_64_17.0.8.v20230831-1047\jre\bin\sunmscapi.dll

Deoptimization events (20 events):
Event: 4.974 Thread 0x00000135d8eaa5f0 Uncommon trap: trap_request=0xffffff45 fr.pc=0x00000135e408ee30 relative=0x0000000000000170
Event: 4.974 Thread 0x00000135d8eaa5f0 Uncommon trap: reason=unstable_if action=reinterpret pc=0x00000135e408ee30 method=java.util.concurrent.ConcurrentHashMap.addCount(JI)V @ 121 c2
Event: 4.974 Thread 0x00000135d8eaa5f0 DEOPT PACKING pc=0x00000135e408ee30 sp=0x000000150d9fd050
Event: 4.974 Thread 0x00000135d8eaa5f0 DEOPT UNPACKING pc=0x00000135e3ae69a3 sp=0x000000150d9fcfb0 mode 2
Event: 5.157 Thread 0x00000135f7dd3950 Uncommon trap: trap_request=0xffffffde fr.pc=0x00000135e40b79c4 relative=0x0000000000000124
Event: 5.157 Thread 0x00000135f7dd3950 Uncommon trap: reason=class_check action=maybe_recompile pc=0x00000135e40b79c4 method=jdk.internal.misc.Unsafe.allocateUninitializedArray(Ljava/lang/Class;I)Ljava/lang/Object; @ 51 c2
Event: 5.157 Thread 0x00000135f7dd3950 DEOPT PACKING pc=0x00000135e40b79c4 sp=0x000000150f8fd380
Event: 5.157 Thread 0x00000135f7dd3950 DEOPT UNPACKING pc=0x00000135e3ae69a3 sp=0x000000150f8fd308 mode 2
Event: 5.157 Thread 0x00000135f7dd3950 Uncommon trap: trap_request=0xffffffde fr.pc=0x00000135e40b79c4 relative=0x0000000000000124
Event: 5.157 Thread 0x00000135f7dd3950 Uncommon trap: reason=class_check action=maybe_recompile pc=0x00000135e40b79c4 method=jdk.internal.misc.Unsafe.allocateUninitializedArray(Ljava/lang/Class;I)Ljava/lang/Object; @ 51 c2
Event: 5.157 Thread 0x00000135f7dd3950 DEOPT PACKING pc=0x00000135e40b79c4 sp=0x000000150f8fd310
Event: 5.157 Thread 0x00000135f7dd3950 DEOPT UNPACKING pc=0x00000135e3ae69a3 sp=0x000000150f8fd298 mode 2
Event: 5.157 Thread 0x00000135f7dd3950 Uncommon trap: trap_request=0xffffffde fr.pc=0x00000135e40b79c4 relative=0x0000000000000124
Event: 5.157 Thread 0x00000135f7dd3950 Uncommon trap: reason=class_check action=maybe_recompile pc=0x00000135e40b79c4 method=jdk.internal.misc.Unsafe.allocateUninitializedArray(Ljava/lang/Class;I)Ljava/lang/Object; @ 51 c2
Event: 5.157 Thread 0x00000135f7dd3950 DEOPT PACKING pc=0x00000135e40b79c4 sp=0x000000150f8fd2c0
Event: 5.157 Thread 0x00000135f7dd3950 DEOPT UNPACKING pc=0x00000135e3ae69a3 sp=0x000000150f8fd248 mode 2
Event: 5.157 Thread 0x00000135f7dd3950 Uncommon trap: trap_request=0xffffffde fr.pc=0x00000135e40b79c4 relative=0x0000000000000124
Event: 5.157 Thread 0x00000135f7dd3950 Uncommon trap: reason=class_check action=maybe_recompile pc=0x00000135e40b79c4 method=jdk.internal.misc.Unsafe.allocateUninitializedArray(Ljava/lang/Class;I)Ljava/lang/Object; @ 51 c2
Event: 5.157 Thread 0x00000135f7dd3950 DEOPT PACKING pc=0x00000135e40b79c4 sp=0x000000150f8fcfa0
Event: 5.157 Thread 0x00000135f7dd3950 DEOPT UNPACKING pc=0x00000135e3ae69a3 sp=0x000000150f8fcf28 mode 2

Classes unloaded (0 events):
No events

Classes redefined (0 events):
No events

Internal exceptions (20 events):
Event: 3.252 Thread 0x00000135f7dd2000 Exception <a 'java/net/SocketException'{0x000000008911e1a0}: Socket is not connected: shutdown> (0x000000008911e1a0) 
thrown [s\src\hotspot\share\prims\jni.cpp, line 535]
Event: 3.296 Thread 0x00000135f7dd2000 Exception <a 'java/net/ConnectException'{0x000000008911f048}: Connection refused: no further information> (0x000000008911f048) 
thrown [s\src\hotspot\share\prims\jni.cpp, line 535]
Event: 3.296 Thread 0x00000135f7dd2000 Exception <a 'java/net/SocketException'{0x000000008911f380}: Socket is not connected: shutdown> (0x000000008911f380) 
thrown [s\src\hotspot\share\prims\jni.cpp, line 535]
Event: 3.389 Thread 0x00000135f7dd2000 Exception <a 'java/net/ConnectException'{0x0000000089120228}: Connection refused: no further information> (0x0000000089120228) 
thrown [s\src\hotspot\share\prims\jni.cpp, line 535]
Event: 3.389 Thread 0x00000135f7dd2000 Exception <a 'java/net/SocketException'{0x0000000089120560}: Socket is not connected: shutdown> (0x0000000089120560) 
thrown [s\src\hotspot\share\prims\jni.cpp, line 535]
Event: 3.574 Thread 0x00000135f7dd2000 Exception <a 'java/net/ConnectException'{0x0000000089121408}: Connection refused: no further information> (0x0000000089121408) 
thrown [s\src\hotspot\share\prims\jni.cpp, line 535]
Event: 3.574 Thread 0x00000135f7dd2000 Exception <a 'java/net/SocketException'{0x0000000089121740}: Socket is not connected: shutdown> (0x0000000089121740) 
thrown [s\src\hotspot\share\prims\jni.cpp, line 535]
Event: 3.914 Thread 0x00000135f7dd2000 Exception <a 'java/net/ConnectException'{0x00000000891225e8}: Connection refused: no further information> (0x00000000891225e8) 
thrown [s\src\hotspot\share\prims\jni.cpp, line 535]
Event: 3.914 Thread 0x00000135f7dd2000 Exception <a 'java/net/SocketException'{0x0000000089122920}: Socket is not connected: shutdown> (0x0000000089122920) 
thrown [s\src\hotspot\share\prims\jni.cpp, line 535]
Event: 4.240 Thread 0x00000135f7dd2000 Exception <a 'java/net/ConnectException'{0x00000000891237c8}: Connection refused: no further information> (0x00000000891237c8) 
thrown [s\src\hotspot\share\prims\jni.cpp, line 535]
Event: 4.241 Thread 0x00000135f7dd2000 Exception <a 'java/net/SocketException'{0x0000000089123b00}: Socket is not connected: shutdown> (0x0000000089123b00) 
thrown [s\src\hotspot\share\prims\jni.cpp, line 535]
Event: 4.581 Thread 0x00000135f7dd2000 Exception <a 'java/net/ConnectException'{0x00000000891249a8}: Connection refused: no further information> (0x00000000891249a8) 
thrown [s\src\hotspot\share\prims\jni.cpp, line 535]
Event: 4.581 Thread 0x00000135f7dd2000 Exception <a 'java/net/SocketException'{0x0000000089124ce0}: Socket is not connected: shutdown> (0x0000000089124ce0) 
thrown [s\src\hotspot\share\prims\jni.cpp, line 535]
Event: 4.964 Thread 0x00000135d8eaa5f0 Exception <a 'java/lang/NoSuchMethodError'{0x00000000891ecdd8}: 'java.lang.Object java.lang.invoke.DirectMethodHandle$Holder.newInvokeSpecial(java.lang.Object, java.lang.Object, int, int)'> (0x00000000891ecdd8) 
thrown [s\src\hotspot\share\interpreter\linkResolver.cpp, line 759]
Event: 4.966 Thread 0x00000135d8eaa5f0 Exception <a 'java/lang/NoSuchMethodError'{0x00000000891f78c0}: 'void java.lang.invoke.DirectMethodHandle$Holder.invokeStatic(java.lang.Object, java.lang.Object, int)'> (0x00000000891f78c0) 
thrown [s\src\hotspot\share\interpreter\linkResolver.cpp, line 759]
Event: 5.001 Thread 0x00000135d8eaa5f0 Exception <a 'java/lang/NoSuchMethodError'{0x0000000089b9b800}: 'java.lang.Object java.lang.invoke.DirectMethodHandle$Holder.newInvokeSpecial(java.lang.Object, java.lang.Object, java.lang.Object, java.lang.Object, java.lang.Object)'> (0x0000000089b9b800) 
thrown [s\src\hotspot\share\interpreter\linkResolver.cpp, line 759]
Event: 5.102 Thread 0x00000135f7dd3950 Exception <a 'java/lang/NoSuchMethodError'{0x0000000089832d30}: 'java.lang.Object java.lang.invoke.DirectMethodHandle$Holder.invokeSpecial(java.lang.Object, java.lang.Object, java.lang.Object, java.lang.Object, int)'> (0x0000000089832d30) 
thrown [s\src\hotspot\share\interpreter\linkResolver.cpp, line 759]
Event: 5.103 Thread 0x00000135f7dd3950 Exception <a 'java/lang/NoSuchMethodError'{0x00000000898368f8}: 'java.lang.Object java.lang.invoke.Invokers$Holder.linkToTargetMethod(java.lang.Object, java.lang.Object, int, java.lang.Object)'> (0x00000000898368f8) 
thrown [s\src\hotspot\share\interpreter\linkResolver.cpp, line 759]
Event: 5.133 Thread 0x00000135f7dd3950 Exception <a 'java/lang/NoSuchMethodError'{0x00000000898d7a58}: 'void java.lang.invoke.DirectMethodHandle$Holder.invokeSpecial(java.lang.Object, java.lang.Object, java.lang.Object)'> (0x00000000898d7a58) 
thrown [s\src\hotspot\share\interpreter\linkResolver.cpp, line 759]
Event: 5.166 Thread 0x00000135f7dd3950 Exception <a 'java/lang/NoSuchMethodError'{0x0000000089783aa0}: 'void java.lang.invoke.DirectMethodHandle$Holder.invokeSpecial(java.lang.Object, java.lang.Object, java.lang.Object, java.lang.Object, java.lang.Object)'> (0x0000000089783aa0) 
thrown [s\src\hotspot\share\interpreter\linkResolver.cpp, line 759]

VM Operations (20 events):
Event: 2.141 Executing VM operation: Cleanup
Event: 2.141 Executing VM operation: Cleanup done
Event: 2.190 Executing VM operation: HandshakeAllThreads
Event: 2.190 Executing VM operation: HandshakeAllThreads done
Event: 2.373 Executing VM operation: HandshakeAllThreads
Event: 2.373 Executing VM operation: HandshakeAllThreads done
Event: 2.431 Executing VM operation: HandshakeAllThreads
Event: 2.431 Executing VM operation: HandshakeAllThreads done
Event: 2.443 Executing VM operation: G1CollectForAllocation
Event: 2.479 Executing VM operation: G1CollectForAllocation done
Event: 2.972 Executing VM operation: HandshakeAllThreads
Event: 2.972 Executing VM operation: HandshakeAllThreads done
Event: 3.976 Executing VM operation: Cleanup
Event: 3.977 Executing VM operation: Cleanup done
Event: 4.917 Executing VM operation: HandshakeAllThreads
Event: 4.917 Executing VM operation: HandshakeAllThreads done
Event: 4.919 Executing VM operation: HandshakeAllThreads
Event: 4.919 Executing VM operation: HandshakeAllThreads done
Event: 4.967 Executing VM operation: G1CollectForAllocation
Event: 4.972 Executing VM operation: G1CollectForAllocation done

Events (20 events):
Event: 5.079 loading class java/time/Instant$1 done
Event: 5.099 loading class java/lang/invoke/BoundMethodHandle$Species_LLLLLLLL
Event: 5.100 loading class java/lang/invoke/BoundMethodHandle$Species_LLLLLLLL done
Event: 5.101 loading class java/lang/invoke/BoundMethodHandle$Species_LLLLLLLLL
Event: 5.101 loading class java/lang/invoke/BoundMethodHandle$Species_LLLLLLLLL done
Event: 5.108 loading class java/util/concurrent/ConcurrentLinkedDeque
Event: 5.108 loading class java/util/concurrent/ConcurrentLinkedDeque done
Event: 5.108 loading class java/util/concurrent/ConcurrentLinkedDeque$Node
Event: 5.108 loading class java/util/concurrent/ConcurrentLinkedDeque$Node done
Event: 5.135 loading class sun/nio/ch/SocketChannelImpl$DefaultOptionsHolder
Event: 5.135 loading class sun/nio/ch/SocketChannelImpl$DefaultOptionsHolder done
Event: 5.164 loading class java/util/concurrent/atomic/AtomicBoolean
Event: 5.164 loading class java/util/concurrent/atomic/AtomicBoolean done
Event: 5.180 loading class java/util/function/LongBinaryOperator
Event: 5.180 loading class java/util/function/LongBinaryOperator done
Event: 5.183 loading class java/util/concurrent/CompletableFuture$UniHandle
Event: 5.183 loading class java/util/concurrent/CompletableFuture$UniHandle done
Event: 5.184 loading class sun/nio/ch/SelectionKeyImpl
Event: 5.184 loading class java/nio/channels/spi/AbstractSelectionKey
Event: 5.184 loading class java/nio/channels/SelectionKey


Dynamic libraries:
0x00007ff6736a0000 - 0x00007ff6736ae000 	C:\Users\ADMIN\Downloads\eclipse-dsl-2023-09-R-win32-x86_64\eclipse\plugins\org.eclipse.justj.openjdk.hotspot.jre.full.win32.x86_64_17.0.8.v20230831-1047\jre\bin\javaw.exe
0x00007ffb5c4b0000 - 0x00007ffb5c6a8000 	C:\Windows\SYSTEM32\ntdll.dll
0x00007ffb5a500000 - 0x00007ffb5a5bd000 	C:\Windows\System32\KERNEL32.DLL
0x00007ffb59cc0000 - 0x00007ffb59fb6000 	C:\Windows\System32\KERNELBASE.dll
0x00007ffb5a3e0000 - 0x00007ffb5a4e0000 	C:\Windows\System32\ucrtbase.dll
0x00007ffb4e2a0000 - 0x00007ffb4e2b7000 	C:\Users\ADMIN\Downloads\eclipse-dsl-2023-09-R-win32-x86_64\eclipse\plugins\org.eclipse.justj.openjdk.hotspot.jre.full.win32.x86_64_17.0.8.v20230831-1047\jre\bin\jli.dll
0x00007ffb5a5c0000 - 0x00007ffb5a75f000 	C:\Windows\System32\USER32.dll
0x00007ffb5a3b0000 - 0x00007ffb5a3d2000 	C:\Windows\System32\win32u.dll
0x00007ffb5c080000 - 0x00007ffb5c0ab000 	C:\Windows\System32\GDI32.dll
0x00007ffb5a030000 - 0x00007ffb5a147000 	C:\Windows\System32\gdi32full.dll
0x00007ffb59b90000 - 0x00007ffb59c2d000 	C:\Windows\System32\msvcp_win.dll
0x00007ffb4e280000 - 0x00007ffb4e299000 	C:\Users\ADMIN\Downloads\eclipse-dsl-2023-09-R-win32-x86_64\eclipse\plugins\org.eclipse.justj.openjdk.hotspot.jre.full.win32.x86_64_17.0.8.v20230831-1047\jre\bin\VCRUNTIME140.dll
0x00007ffb3d730000 - 0x00007ffb3d9ca000 	C:\Windows\WinSxS\amd64_microsoft.windows.common-controls_6595b64144ccf1df_6.0.19041.4355_none_60b8b9eb71f62e16\COMCTL32.dll
0x00007ffb5bdf0000 - 0x00007ffb5be8e000 	C:\Windows\System32\msvcrt.dll
0x00007ffb5bb10000 - 0x00007ffb5bb42000 	C:\Windows\System32\IMM32.DLL
0x00007ffb505a0000 - 0x00007ffb505ac000 	C:\Users\ADMIN\Downloads\eclipse-dsl-2023-09-R-win32-x86_64\eclipse\plugins\org.eclipse.justj.openjdk.hotspot.jre.full.win32.x86_64_17.0.8.v20230831-1047\jre\bin\vcruntime140_1.dll
0x00007ffb4bec0000 - 0x00007ffb4bf51000 	C:\Users\ADMIN\Downloads\eclipse-dsl-2023-09-R-win32-x86_64\eclipse\plugins\org.eclipse.justj.openjdk.hotspot.jre.full.win32.x86_64_17.0.8.v20230831-1047\jre\bin\msvcp140.dll
0x00007ffb18d80000 - 0x00007ffb199cc000 	C:\Users\ADMIN\Downloads\eclipse-dsl-2023-09-R-win32-x86_64\eclipse\plugins\org.eclipse.justj.openjdk.hotspot.jre.full.win32.x86_64_17.0.8.v20230831-1047\jre\bin\server\jvm.dll
0x00007ffb5bea0000 - 0x00007ffb5bf50000 	C:\Windows\System32\ADVAPI32.dll
0x00007ffb5bfe0000 - 0x00007ffb5c080000 	C:\Windows\System32\sechost.dll
0x00007ffb5a760000 - 0x00007ffb5a883000 	C:\Windows\System32\RPCRT4.dll
0x00007ffb59b60000 - 0x00007ffb59b87000 	C:\Windows\System32\bcrypt.dll
0x00007ffb599b0000 - 0x00007ffb599fb000 	C:\Windows\SYSTEM32\POWRPROF.dll
0x00007ffb40630000 - 0x00007ffb40639000 	C:\Windows\SYSTEM32\WSOCK32.dll
0x00007ffb5a980000 - 0x00007ffb5a9eb000 	C:\Windows\System32\WS2_32.dll
0x00007ffb51b30000 - 0x00007ffb51b57000 	C:\Windows\SYSTEM32\WINMM.dll
0x00007ffb4ef50000 - 0x00007ffb4ef5a000 	C:\Windows\SYSTEM32\VERSION.dll
0x00007ffb59990000 - 0x00007ffb599a2000 	C:\Windows\SYSTEM32\UMPDC.dll
0x00007ffb58370000 - 0x00007ffb58382000 	C:\Windows\SYSTEM32\kernel.appcore.dll
0x00007ffb512e0000 - 0x00007ffb512ea000 	C:\Users\ADMIN\Downloads\eclipse-dsl-2023-09-R-win32-x86_64\eclipse\plugins\org.eclipse.justj.openjdk.hotspot.jre.full.win32.x86_64_17.0.8.v20230831-1047\jre\bin\jimage.dll
0x00007ffb54700000 - 0x00007ffb548e4000 	C:\Windows\SYSTEM32\DBGHELP.DLL
0x00007ffb387b0000 - 0x00007ffb387e4000 	C:\Windows\SYSTEM32\dbgcore.DLL
0x00007ffb59c30000 - 0x00007ffb59cb2000 	C:\Windows\System32\bcryptPrimitives.dll
0x00007ffb50340000 - 0x00007ffb50365000 	C:\Users\ADMIN\Downloads\eclipse-dsl-2023-09-R-win32-x86_64\eclipse\plugins\org.eclipse.justj.openjdk.hotspot.jre.full.win32.x86_64_17.0.8.v20230831-1047\jre\bin\java.dll
0x00007ffb503d0000 - 0x00007ffb503e8000 	C:\Users\ADMIN\Downloads\eclipse-dsl-2023-09-R-win32-x86_64\eclipse\plugins\org.eclipse.justj.openjdk.hotspot.jre.full.win32.x86_64_17.0.8.v20230831-1047\jre\bin\zip.dll
0x00007ffb5ab00000 - 0x00007ffb5b26b000 	C:\Windows\System32\SHELL32.dll
0x00007ffb57bc0000 - 0x00007ffb5835d000 	C:\Windows\SYSTEM32\windows.storage.dll
0x00007ffb5c0b0000 - 0x00007ffb5c403000 	C:\Windows\System32\combase.dll
0x00007ffb594b0000 - 0x00007ffb594de000 	C:\Windows\SYSTEM32\Wldp.dll
0x00007ffb5bc00000 - 0x00007ffb5bccd000 	C:\Windows\System32\OLEAUT32.dll
0x00007ffb5bb50000 - 0x00007ffb5bbfd000 	C:\Windows\System32\SHCORE.dll
0x00007ffb5b280000 - 0x00007ffb5b2d5000 	C:\Windows\System32\shlwapi.dll
0x00007ffb59a90000 - 0x00007ffb59ab4000 	C:\Windows\SYSTEM32\profapi.dll
0x00007ffb502a0000 - 0x00007ffb502b9000 	C:\Users\ADMIN\Downloads\eclipse-dsl-2023-09-R-win32-x86_64\eclipse\plugins\org.eclipse.justj.openjdk.hotspot.jre.full.win32.x86_64_17.0.8.v20230831-1047\jre\bin\net.dll
0x00007ffb4d8d0000 - 0x00007ffb4d9da000 	C:\Windows\SYSTEM32\WINHTTP.dll
0x00007ffb59210000 - 0x00007ffb5927a000 	C:\Windows\system32\mswsock.dll
0x00007ffb4ff70000 - 0x00007ffb4ff85000 	C:\Users\ADMIN\Downloads\eclipse-dsl-2023-09-R-win32-x86_64\eclipse\plugins\org.eclipse.justj.openjdk.hotspot.jre.full.win32.x86_64_17.0.8.v20230831-1047\jre\bin\nio.dll
0x00007ffb58f30000 - 0x00007ffb58ffb000 	C:\Windows\SYSTEM32\DNSAPI.dll
0x00007ffb58ef0000 - 0x00007ffb58f2b000 	C:\Windows\SYSTEM32\IPHLPAPI.DLL
0x00007ffb5b270000 - 0x00007ffb5b278000 	C:\Windows\System32\NSI.dll
0x00007ffb4ace0000 - 0x00007ffb4acea000 	C:\Windows\System32\rasadhlp.dll
0x00007ffb4c150000 - 0x00007ffb4c1d0000 	C:\Windows\System32\fwpuclnt.dll
0x00007ffb51df0000 - 0x00007ffb51dfe000 	C:\Users\ADMIN\Downloads\eclipse-dsl-2023-09-R-win32-x86_64\eclipse\plugins\org.eclipse.justj.openjdk.hotspot.jre.full.win32.x86_64_17.0.8.v20230831-1047\jre\bin\sunmscapi.dll
0x00007ffb5a150000 - 0x00007ffb5a2ae000 	C:\Windows\System32\CRYPT32.dll
0x00007ffb59520000 - 0x00007ffb59549000 	C:\Windows\SYSTEM32\ncrypt.dll
0x00007ffb594e0000 - 0x00007ffb5951b000 	C:\Windows\SYSTEM32\NTASN1.dll
0x00007ffb59410000 - 0x00007ffb59428000 	C:\Windows\SYSTEM32\CRYPTSP.dll
0x00007ffb58b30000 - 0x00007ffb58b64000 	C:\Windows\system32\rsaenh.dll
0x00007ffb59a40000 - 0x00007ffb59a6e000 	C:\Windows\SYSTEM32\USERENV.dll
0x00007ffb59400000 - 0x00007ffb5940c000 	C:\Windows\SYSTEM32\CRYPTBASE.dll
0x00007ffb4ea50000 - 0x00007ffb4ea67000 	C:\Windows\SYSTEM32\dhcpcsvc6.DLL
0x00007ffb4eff0000 - 0x00007ffb4f00d000 	C:\Windows\SYSTEM32\dhcpcsvc.DLL
0x00007ffb50130000 - 0x00007ffb50137000 	C:\Windows\system32\wshunix.dll

dbghelp: loaded successfully - version: 4.0.5 - missing functions: none
symbol engine: initialized successfully - sym options: 0x614 - pdb path: .;C:\Users\ADMIN\Downloads\eclipse-dsl-2023-09-R-win32-x86_64\eclipse\plugins\org.eclipse.justj.openjdk.hotspot.jre.full.win32.x86_64_17.0.8.v20230831-1047\jre\bin;C:\Windows\SYSTEM32;C:\Windows\WinSxS\amd64_microsoft.windows.common-controls_6595b64144ccf1df_6.0.19041.4355_none_60b8b9eb71f62e16;C:\Users\ADMIN\Downloads\eclipse-dsl-2023-09-R-win32-x86_64\eclipse\plugins\org.eclipse.justj.openjdk.hotspot.jre.full.win32.x86_64_17.0.8.v20230831-1047\jre\bin\server

VM Arguments:
jvm_args: -Dfile.encoding=UTF-8 -Dstdout.encoding=UTF-8 -Dstderr.encoding=UTF-8 -XX:+ShowCodeDetailsInExceptionMessages 
java_command: Select_class.class_001
java_class_path (initial): C:\Users\ADMIN\eclipse-workspace\Selenium-maven\target\test-classes;C:\Users\ADMIN\eclipse-workspace\Selenium-maven\target\classes;C:\Users\ADMIN\Downloads\selenium-java-4.20.0\auto-service-annotations-1.1.1.jar;C:\Users\ADMIN\Downloads\selenium-java-4.20.0\auto-service-annotations-1.1.1-sources.jar;C:\Users\ADMIN\Downloads\selenium-java-4.20.0\byte-buddy-1.14.14.jar;C:\Users\ADMIN\Downloads\selenium-java-4.20.0\byte-buddy-1.14.14-sources.jar;C:\Users\ADMIN\Downloads\selenium-java-4.20.0\checker-qual-3.42.0.jar;C:\Users\ADMIN\Downloads\selenium-java-4.20.0\checker-qual-3.42.0-sources.jar;C:\Users\ADMIN\Downloads\selenium-java-4.20.0\commons-exec-1.4.0.jar;C:\Users\ADMIN\Downloads\selenium-java-4.20.0\commons-exec-1.4.0-sources.jar;C:\Users\ADMIN\Downloads\selenium-java-4.20.0\error_prone_annotations-2.26.1.jar;C:\Users\ADMIN\Downloads\selenium-java-4.20.0\error_prone_annotations-2.26.1-sources.jar;C:\Users\ADMIN\Downloads\selenium-java-4.20.0\failsafe-3.3.2.jar;C:\Users\ADMIN\Downloads\selenium-java-4.20.0\failsafe-3.3.2-sources.jar;C:\Users\ADMIN\Downloads\selenium-java-4.20.0\failureaccess-1.0.2.jar;C:\Users\ADMIN\Downloads\selenium-java-4.20.0\failureaccess-1.0.2-sources.jar;C:\Users\ADMIN\Downloads\selenium-java-4.20.0\guava-33.1.0-jre.jar;C:\Users\ADMIN\Downloads\selenium-java-4.20.0\guava-33.1.0-jre-sources.jar;C:\Users\ADMIN\Downloads\selenium-java-4.20.0\j2objc-annotations-3.0.0.jar;C:\Users\ADMIN\Downloads\selenium-java-4.20.0\j2objc-annotations-3.0.0-sources.jar;C:\Users\ADMIN\Downloads\selenium-java-4.20.0\jsr305-3.0.2.jar;C:\Users\ADMIN\Downloads\selenium-java-4.20.0\jsr305-3.0.2-sources.jar;C:\Users\ADMIN\Downloads\selenium-java-4.20.0\listenablefuture-9999.0-empty-to-avoid-conflict-with-guava.jar;C:\Users\ADMIN\Downloads\selenium-java-4.20.0\opentelemetry-api-1.37.0.jar;C:\Users\ADMIN\Downloads\selenium-java-4.20.0\opentelemetry-api-1.37.0-sources.jar;C:\Users\ADMIN\Downloads\selenium-java-4.20.0\opentelemetry-api-incubator
Launcher Type: SUN_STANDARD

[Global flags]
     intx CICompilerCount                          = 3                                         {product} {ergonomic}
     uint ConcGCThreads                            = 1                                         {product} {ergonomic}
     uint G1ConcRefinementThreads                  = 4                                         {product} {ergonomic}
   size_t G1HeapRegionSize                         = 1048576                                   {product} {ergonomic}
    uintx GCDrainStackTargetSize                   = 64                                        {product} {ergonomic}
   size_t InitialHeapSize                          = 134217728                                 {product} {ergonomic}
   size_t MarkStackSize                            = 4194304                                   {product} {ergonomic}
   size_t MaxHeapSize                              = 2118123520                                {product} {ergonomic}
   size_t MaxNewSize                               = 1270874112                                {product} {ergonomic}
   size_t MinHeapDeltaBytes                        = 1048576                                   {product} {ergonomic}
   size_t MinHeapSize                              = 8388608                                   {product} {ergonomic}
    uintx NonNMethodCodeHeapSize                   = 5832780                                {pd product} {ergonomic}
    uintx NonProfiledCodeHeapSize                  = 122912730                              {pd product} {ergonomic}
    uintx ProfiledCodeHeapSize                     = 122912730                              {pd product} {ergonomic}
    uintx ReservedCodeCacheSize                    = 251658240                              {pd product} {ergonomic}
     bool SegmentedCodeCache                       = true                                      {product} {ergonomic}
     bool ShowCodeDetailsInExceptionMessages       = true                                   {manageable} {command line}
   size_t SoftMaxHeapSize                          = 2118123520                             {manageable} {ergonomic}
     bool UseCompressedClassPointers               = true                           {product lp64_product} {ergonomic}
     bool UseCompressedOops                        = true                           {product lp64_product} {ergonomic}
     bool UseG1GC                                  = true                                      {product} {ergonomic}
     bool UseLargePagesIndividualAllocation        = false                                  {pd product} {ergonomic}

Logging:
Log output configuration:
 #0: stdout all=warning uptime,level,tags
 #1: stderr all=off uptime,level,tags

Environment Variables:
PATH=C:/Users/ADMIN/Downloads/eclipse-dsl-2023-09-R-win32-x86_64/eclipse//plugins/org.eclipse.justj.openjdk.hotspot.jre.full.win32.x86_64_17.0.8.v20230831-1047/jre/bin/server;C:/Users/ADMIN/Downloads/eclipse-dsl-2023-09-R-win32-x86_64/eclipse//plugins/org.eclipse.justj.openjdk.hotspot.jre.full.win32.x86_64_17.0.8.v20230831-1047/jre/bin;C:\Windows\system32;C:\Windows;C:\Windows\System32\Wbem;C:\Windows\System32\WindowsPowerShell\v1.0\;C:\Windows\System32\OpenSSH\;C:\Users\ADMIN\AppData\Local\Microsoft\WindowsApps;;C:\Users\ADMIN\Downloads\eclipse-dsl-2023-09-R-win32-x86_64\eclipse;
USERNAME=ADMIN
OS=Windows_NT
PROCESSOR_IDENTIFIER=Intel64 Family 6 Model 78 Stepping 3, GenuineIntel
TMP=C:\Users\ADMIN\AppData\Local\Temp
TEMP=C:\Users\ADMIN\AppData\Local\Temp



---------------  S Y S T E M  ---------------

OS:
 Windows 10 , 64 bit Build 19041 (10.0.19041.3636)
OS uptime: 0 days 11:45 hours

CPU: total 4 (initial active 4) (2 cores per cpu, 2 threads per core) family 6 model 78 stepping 3 microcode 0xea, cx8, cmov, fxsr, ht, mmx, 3dnowpref, sse, sse2, sse3, ssse3, sse4.1, sse4.2, popcnt, lzcnt, tsc, tscinvbit, avx, avx2, aes, erms, clmul, bmi1, bmi2, rtm, adx, fma, vzeroupper, clflush, clflushopt
Processor Information for all 4 processors :
  Max Mhz: 2496, Current Mhz: 2396, Mhz Limit: 2396

Memory: 4k page, system-wide physical 8072M (874M free)
TotalPageFile size 20492M (AvailPageFile size 220M)
current process WorkingSet (physical memory assigned to process): 89M, peak: 89M
current process commit charge ("private bytes"): 226M, peak: 226M

vm_info: OpenJDK 64-Bit Server VM (17.0.8.1+1) for windows-amd64 JRE (17.0.8.1+1), built on Aug 23 2023 15:29:17 by "admin" with MS VC++ 16.7 (VS2019)

END.
